"../../../Engine/Content/EditorResources/S_Actor.ubulk" 0
"../../../Engine/Content/EditorResources/S_Actor.uasset" 1
"../../../Engine/Content/EditorResources/S_Actor.uexp" 2
"../../../Engine/Content/EditorResources/S_BoxReflectionCapture.uasset" 3
"../../../Engine/Content/EditorResources/S_BoxReflectionCapture.uexp" 4
"../../../Engine/Content/EngineResources/DefaultTexture.ubulk" 5
"../../../Engine/Content/EngineResources/DefaultTexture.uasset" 6
"../../../Engine/Content/EngineResources/DefaultTexture.uexp" 7
"../../../Engine/Content/EngineResources/DefaultTextureCube.uasset" 8
"../../../Engine/Content/EngineResources/DefaultTextureCube.uexp" 9
"../../../Engine/Content/EngineResources/DefaultVolumeTexture2D.uasset" 10
"../../../Engine/Content/EngineResources/DefaultVolumeTexture2D.uexp" 11
"../../../Engine/Content/EngineResources/DefaultVolumeTexture.uasset" 12
"../../../Engine/Content/EngineResources/DefaultVolumeTexture.uexp" 13
"../../../Engine/Content/EditorResources/S_Trigger.ubulk" 14
"../../../Engine/Content/EditorResources/S_Trigger.uasset" 15
"../../../Engine/Content/EditorResources/S_Trigger.uexp" 16
"../../../Engine/Content/EditorResources/S_TriggerBox.uasset" 17
"../../../Engine/Content/EditorResources/S_TriggerBox.uexp" 18
"../../../Engine/Content/EditorResources/S_TriggerCapsule.uasset" 19
"../../../Engine/Content/EditorResources/S_TriggerCapsule.uexp" 20
"../../../Engine/Content/EditorResources/S_TriggerSphere.uasset" 21
"../../../Engine/Content/EditorResources/S_TriggerSphere.uexp" 22
"../../../Engine/Content/EngineMeshes/Sphere.ubulk" 23
"../../../Engine/Content/EngineMeshes/Sphere.uasset" 24
"../../../Engine/Content/EngineMeshes/Sphere.uexp" 25
"../../../Engine/Content/EngineResources/GradientTexture0.uasset" 26
"../../../Engine/Content/EngineResources/GradientTexture0.uexp" 27
"../../../Engine/Content/EngineResources/Black.uasset" 28
"../../../Engine/Content/EngineResources/Black.uexp" 29
"../../../Engine/Content/VREditor/LaserPointer/VR_LaserPower_01.ubulk" 30
"../../../Engine/Content/VREditor/LaserPointer/VR_LaserPower_01.uasset" 31
"../../../Engine/Content/VREditor/LaserPointer/VR_LaserPower_01.uexp" 32
"../../../Engine/Content/VREditor/TransformGizmo/TransformGizmoMaterial.uasset" 33
"../../../Engine/Content/VREditor/TransformGizmo/TransformGizmoMaterial.uexp" 34
"../../../Engine/Content/VREditor/TransformGizmo/TranslucentTransformGizmoMaterial.uasset" 35
"../../../Engine/Content/VREditor/TransformGizmo/TranslucentTransformGizmoMaterial.uexp" 36
"../../../Engine/Content/VREditor/TransformGizmo/PlaneTranslationHandle.ubulk" 37
"../../../Engine/Content/VREditor/TransformGizmo/PlaneTranslationHandle.uasset" 38
"../../../Engine/Content/VREditor/TransformGizmo/PlaneTranslationHandle.uexp" 39
"../../../Engine/Content/VREditor/TransformGizmo/BoundingBoxCorner.ubulk" 40
"../../../Engine/Content/VREditor/TransformGizmo/BoundingBoxCorner.uasset" 41
"../../../Engine/Content/VREditor/TransformGizmo/BoundingBoxCorner.uexp" 42
"../../../Engine/Content/VREditor/TransformGizmo/BoundingBoxEdge.ubulk" 43
"../../../Engine/Content/VREditor/TransformGizmo/BoundingBoxEdge.uasset" 44
"../../../Engine/Content/VREditor/TransformGizmo/BoundingBoxEdge.uexp" 45
"../../../Engine/Content/VREditor/TransformGizmo/Main.uasset" 46
"../../../Engine/Content/VREditor/TransformGizmo/Main.uexp" 47
"../../../Engine/Content/VREditor/TransformGizmo/Xray.uasset" 48
"../../../Engine/Content/VREditor/TransformGizmo/Xray.uexp" 49
"../../../Engine/Content/VREditor/TransformGizmo/SM_Sequencer_Node.ubulk" 50
"../../../Engine/Content/VREditor/TransformGizmo/SM_Sequencer_Node.uasset" 51
"../../../Engine/Content/VREditor/TransformGizmo/SM_Sequencer_Node.uexp" 52
"../../../Engine/Content/EditorMaterials/Camera/CineMat.uasset" 53
"../../../Engine/Content/EditorMaterials/Camera/CineMat.uexp" 54
"../../../Engine/Content/EditorMaterials/Camera/MI_CineMat_Rig.uasset" 55
"../../../Engine/Content/EditorMaterials/Camera/MI_CineMat_Rig.uexp" 56
"../../../Engine/Content/EditorMeshes/Camera/SM_CraneRig_Base.ubulk" 57
"../../../Engine/Content/EditorMeshes/Camera/SM_CraneRig_Base.uasset" 58
"../../../Engine/Content/EditorMeshes/Camera/SM_CraneRig_Base.uexp" 59
"../../../Engine/Content/EditorMeshes/Camera/SM_CraneRig_Arm.ubulk" 60
"../../../Engine/Content/EditorMeshes/Camera/SM_CraneRig_Arm.uasset" 61
"../../../Engine/Content/EditorMeshes/Camera/SM_CraneRig_Arm.uexp" 62
"../../../Engine/Content/EditorMeshes/Camera/SM_CraneRig_Mount.ubulk" 63
"../../../Engine/Content/EditorMeshes/Camera/SM_CraneRig_Mount.uasset" 64
"../../../Engine/Content/EditorMeshes/Camera/SM_CraneRig_Mount.uexp" 65
"../../../Engine/Content/EditorMeshes/Camera/SM_CraneRig_Body.ubulk" 66
"../../../Engine/Content/EditorMeshes/Camera/SM_CraneRig_Body.uasset" 67
"../../../Engine/Content/EditorMeshes/Camera/SM_CraneRig_Body.uexp" 68
"../../../Engine/Content/EditorMeshes/Camera/SM_RailRig_Track.ubulk" 69
"../../../Engine/Content/EditorMeshes/Camera/SM_RailRig_Track.uasset" 70
"../../../Engine/Content/EditorMeshes/Camera/SM_RailRig_Track.uexp" 71
"../../../Engine/Content/EditorMeshes/Camera/SM_RailRig_Mount.ubulk" 72
"../../../Engine/Content/EditorMeshes/Camera/SM_RailRig_Mount.uasset" 73
"../../../Engine/Content/EditorMeshes/Camera/SM_RailRig_Mount.uexp" 74
"../../../Engine/Content/EngineMaterials/T_Default_Material_Grid_M.ubulk" 75
"../../../Engine/Content/EngineMaterials/T_Default_Material_Grid_M.uasset" 76
"../../../Engine/Content/EngineMaterials/T_Default_Material_Grid_M.uexp" 77
"../../../Engine/Content/EngineMaterials/T_Default_Material_Grid_N.ubulk" 78
"../../../Engine/Content/EngineMaterials/T_Default_Material_Grid_N.uasset" 79
"../../../Engine/Content/EngineMaterials/T_Default_Material_Grid_N.uexp" 80
"../../../Engine/Content/Functions/Engine_MaterialFunctions01/Opacity/CameraDepthFade.uasset" 81
"../../../Engine/Content/Functions/Engine_MaterialFunctions01/Opacity/CameraDepthFade.uexp" 82
"../../../Engine/Content/EngineMaterials/WorldGridMaterial.uasset" 83
"../../../Engine/Content/EngineMaterials/WorldGridMaterial.uexp" 84
"../../../Engine/Content/ArtTools/RenderToTexture/Meshes/S_1_Unit_Plane.ubulk" 85
"../../../Engine/Content/ArtTools/RenderToTexture/Meshes/S_1_Unit_Plane.uasset" 86
"../../../Engine/Content/ArtTools/RenderToTexture/Meshes/S_1_Unit_Plane.uexp" 87
"../../../Engine/Content/EditorMaterials/ParticleSystems/PSysThumbnail_NoImage.ubulk" 88
"../../../Engine/Content/EditorMaterials/ParticleSystems/PSysThumbnail_NoImage.uasset" 89
"../../../Engine/Content/EditorMaterials/ParticleSystems/PSysThumbnail_NoImage.uexp" 90
"../../../Engine/Content/EditorMaterials/ParticleSystems/PSysThumbnail_OOD.ubulk" 91
"../../../Engine/Content/EditorMaterials/ParticleSystems/PSysThumbnail_OOD.uasset" 92
"../../../Engine/Content/EditorMaterials/ParticleSystems/PSysThumbnail_OOD.uexp" 93
"../../../Engine/Content/EditorLandscapeResources/SplineEditorMeshMat.uasset" 94
"../../../Engine/Content/EditorLandscapeResources/SplineEditorMeshMat.uexp" 95
"../../../Engine/Content/EditorLandscapeResources/SplineEditorMesh.ubulk" 96
"../../../Engine/Content/EditorLandscapeResources/SplineEditorMesh.uasset" 97
"../../../Engine/Content/EditorLandscapeResources/SplineEditorMesh.uexp" 98
"../../../Engine/Content/EditorResources/S_Solver.ubulk" 99
"../../../Engine/Content/EditorResources/S_Solver.uasset" 100
"../../../Engine/Content/EditorResources/S_Solver.uexp" 101
"../../../Engine/Plugins/Media/MediaPlate/Content/SM_MediaPlateScreen.ubulk" 102
"../../../Engine/Plugins/Media/MediaPlate/Content/SM_MediaPlateScreen.uasset" 103
"../../../Engine/Plugins/Media/MediaPlate/Content/SM_MediaPlateScreen.uexp" 104
"../../../Engine/Content/EngineMaterials/Good64x64TilingNoiseHighFreq.uasset" 105
"../../../Engine/Content/EngineMaterials/Good64x64TilingNoiseHighFreq.uexp" 106
"../../../Engine/Content/EngineMaterials/DefaultBokeh.uasset" 107
"../../../Engine/Content/EngineMaterials/DefaultBokeh.uexp" 108
"../../../Engine/Content/EngineMaterials/PreintegratedSkinBRDF.uasset" 109
"../../../Engine/Content/EngineMaterials/PreintegratedSkinBRDF.uexp" 110
"../../../Engine/Content/EngineMaterials/MiniFont.uasset" 111
"../../../Engine/Content/EngineMaterials/MiniFont.uexp" 112
"../../../Engine/Content/EngineMaterials/WeightMapPlaceholderTexture.uasset" 113
"../../../Engine/Content/EngineMaterials/WeightMapPlaceholderTexture.uexp" 114
"../../../Engine/Content/EngineMaterials/DefaultWhiteGrid.ubulk" 115
"../../../Engine/Content/EngineMaterials/DefaultWhiteGrid.uasset" 116
"../../../Engine/Content/EngineMaterials/DefaultWhiteGrid.uexp" 117
"../../../Engine/Plugins/2D/Paper2D/Content/PlaceholderTextures/DummySpriteTexture.ubulk" 118
"../../../Engine/Plugins/2D/Paper2D/Content/PlaceholderTextures/DummySpriteTexture.uasset" 119
"../../../Engine/Plugins/2D/Paper2D/Content/PlaceholderTextures/DummySpriteTexture.uexp" 120
"../../../Engine/Plugins/2D/Paper2D/Content/DefaultSpriteMaterial.uasset" 121
"../../../Engine/Plugins/2D/Paper2D/Content/DefaultSpriteMaterial.uexp" 122
"../../../Engine/Plugins/2D/Paper2D/Content/OpaqueUnlitSpriteMaterial.uasset" 123
"../../../Engine/Plugins/2D/Paper2D/Content/OpaqueUnlitSpriteMaterial.uexp" 124
"../../../Engine/Plugins/2D/Paper2D/Content/MaskedUnlitSpriteMaterial.uasset" 125
"../../../Engine/Plugins/2D/Paper2D/Content/MaskedUnlitSpriteMaterial.uexp" 126
"../../../Engine/Plugins/2D/Paper2D/Content/DummySprite.uasset" 127
"../../../Engine/Plugins/2D/Paper2D/Content/DummySprite.uexp" 128
"../../../Engine/Plugins/2D/Paper2D/Content/DefaultPaperTerrainMaterial.uasset" 129
"../../../Engine/Plugins/2D/Paper2D/Content/DefaultPaperTerrainMaterial.uexp" 130
"../../../Engine/Content/Functions/Engine_MaterialFunctions02/WorldPositionOffset/CameraOffset.uasset" 131
"../../../Engine/Content/Functions/Engine_MaterialFunctions02/WorldPositionOffset/CameraOffset.uexp" 132
"../../../Engine/Plugins/Animation/ControlRig/Content/M_Manip.uasset" 133
"../../../Engine/Plugins/Animation/ControlRig/Content/M_Manip.uexp" 134
"../../../Engine/Content/Animation/DefaultRecorderBoneCompression.uasset" 135
"../../../Engine/Content/Animation/DefaultRecorderBoneCompression.uexp" 136
"../../../Engine/Content/BasicShapes/Plane.ubulk" 137
"../../../Engine/Content/BasicShapes/Plane.uasset" 138
"../../../Engine/Content/BasicShapes/Plane.uexp" 139
"../../../Engine/Content/EngineMaterials/DefaultMaterial.uasset" 140
"../../../Engine/Content/EngineMaterials/DefaultMaterial.uexp" 141
"../../../Engine/Content/BasicShapes/Cylinder.ubulk" 142
"../../../Engine/Content/BasicShapes/Cylinder.uasset" 143
"../../../Engine/Content/BasicShapes/Cylinder.uexp" 144
"../../../Engine/Content/BasicShapes/Cone.ubulk" 145
"../../../Engine/Content/BasicShapes/Cone.uasset" 146
"../../../Engine/Content/BasicShapes/Cone.uexp" 147
"../../../Engine/Content/EngineResources/WhiteSquareTexture.uasset" 148
"../../../Engine/Content/EngineResources/WhiteSquareTexture.uexp" 149
"../../../Engine/Content/EngineMaterials/Widget3DPassThrough.uasset" 150
"../../../Engine/Content/EngineMaterials/Widget3DPassThrough.uexp" 151
"../../../Engine/Content/EngineMaterials/Widget3DPassThrough_Translucent.uasset" 152
"../../../Engine/Content/EngineMaterials/Widget3DPassThrough_Translucent.uexp" 153
"../../../Engine/Content/EngineMaterials/Widget3DPassThrough_Translucent_OneSided.uasset" 154
"../../../Engine/Content/EngineMaterials/Widget3DPassThrough_Translucent_OneSided.uexp" 155
"../../../Engine/Content/EngineMaterials/Widget3DPassThrough_Opaque.uasset" 156
"../../../Engine/Content/EngineMaterials/Widget3DPassThrough_Opaque.uexp" 157
"../../../Engine/Content/EngineMaterials/Widget3DPassThrough_Opaque_OneSided.uasset" 158
"../../../Engine/Content/EngineMaterials/Widget3DPassThrough_Opaque_OneSided.uexp" 159
"../../../Engine/Content/EngineMaterials/Widget3DPassThrough_Masked_OneSided.uasset" 160
"../../../Engine/Content/EngineMaterials/Widget3DPassThrough_Masked_OneSided.uexp" 161
"../../../Engine/Content/EngineMaterials/Widget3DPassThrough_Masked.uasset" 162
"../../../Engine/Content/EngineMaterials/Widget3DPassThrough_Masked.uexp" 163
"../../../Engine/Content/EngineMaterials/STBlueNoise_vec2_128x128x64.uasset" 164
"../../../Engine/Content/EngineMaterials/STBlueNoise_vec2_128x128x64.uexp" 165
"../../../Engine/Content/EngineMaterials/STBlueNoise_scalar_128x128x64.uasset" 166
"../../../Engine/Content/EngineMaterials/STBlueNoise_scalar_128x128x64.uexp" 167
"../../../Engine/Content/EngineMaterials/RemoveSurfaceMaterial.uasset" 168
"../../../Engine/Content/EngineMaterials/RemoveSurfaceMaterial.uexp" 169
"../../../Engine/Content/EngineMaterials/DefaultCalibrationGrayscale.uasset" 170
"../../../Engine/Content/EngineMaterials/DefaultCalibrationGrayscale.uexp" 171
"../../../Engine/Content/EngineMaterials/PPM_DefaultCalibrationGrayscale.uasset" 172
"../../../Engine/Content/EngineMaterials/PPM_DefaultCalibrationGrayscale.uexp" 173
"../../../Engine/Content/EngineMaterials/DefaultCalibrationColor.uasset" 174
"../../../Engine/Content/EngineMaterials/DefaultCalibrationColor.uexp" 175
"../../../Engine/Content/EngineMaterials/PPM_DefaultCalibrationColor.uasset" 176
"../../../Engine/Content/EngineMaterials/PPM_DefaultCalibrationColor.uexp" 177
"../../../Engine/Content/EngineMaterials/PhAT_JointLimitMaterial.uasset" 178
"../../../Engine/Content/EngineMaterials/PhAT_JointLimitMaterial.uexp" 179
"../../../Engine/Content/EngineMaterials/NaniteHiddenSectionMaterial.uasset" 180
"../../../Engine/Content/EngineMaterials/NaniteHiddenSectionMaterial.uexp" 181
"../../../Engine/Plugins/Runtime/MeshModelingToolset/Content/Materials/M_DynamicMeshComponentVtxColor.uasset" 182
"../../../Engine/Plugins/Runtime/MeshModelingToolset/Content/Materials/M_DynamicMeshComponentVtxColor.uexp" 183
"../../../Engine/Plugins/Interchange/Runtime/Content/Pipelines/DefaultTexturePipeline.uasset" 184
"../../../Engine/Plugins/Interchange/Runtime/Content/Pipelines/DefaultTexturePipeline.uexp" 185
"../../../Engine/Plugins/Interchange/Runtime/Content/Pipelines/DefaultSceneLevelPipeline.uasset" 186
"../../../Engine/Plugins/Interchange/Runtime/Content/Pipelines/DefaultSceneLevelPipeline.uexp" 187
"../../../Engine/Plugins/Interchange/Runtime/Content/Pipelines/DefaultSceneAssetsPipeline.uasset" 188
"../../../Engine/Plugins/Interchange/Runtime/Content/Pipelines/DefaultSceneAssetsPipeline.uexp" 189
"../../../Engine/Plugins/Interchange/Runtime/Content/Pipelines/DefaultMaterialPipeline.uasset" 190
"../../../Engine/Plugins/Interchange/Runtime/Content/Pipelines/DefaultMaterialPipeline.uexp" 191
"../../../Engine/Plugins/Interchange/Runtime/Content/Pipelines/DefaultAssetsPipeline.uasset" 192
"../../../Engine/Plugins/Interchange/Runtime/Content/Pipelines/DefaultAssetsPipeline.uexp" 193
"../../../Engine/Plugins/Editor/SpeedTreeImporter/Content/SpeedTree9/game_wind_noise.ubulk" 194
"../../../Engine/Plugins/Editor/SpeedTreeImporter/Content/SpeedTree9/game_wind_noise.uasset" 195
"../../../Engine/Plugins/Editor/SpeedTreeImporter/Content/SpeedTree9/game_wind_noise.uexp" 196
"../../../Engine/Plugins/Editor/SpeedTreeImporter/Content/SpeedTree9/UnpackDirection.uasset" 197
"../../../Engine/Plugins/Editor/SpeedTreeImporter/Content/SpeedTree9/UnpackDirection.uexp" 198
"../../../Engine/Content/Functions/Engine_MaterialFunctions02/ObjectLocalBounds.uasset" 199
"../../../Engine/Content/Functions/Engine_MaterialFunctions02/ObjectLocalBounds.uexp" 200
"../../../Engine/Content/Functions/Engine_MaterialFunctions02/Utility/BreakOutFloat3Components.uasset" 201
"../../../Engine/Content/Functions/Engine_MaterialFunctions02/Utility/BreakOutFloat3Components.uexp" 202
"../../../Engine/Content/Functions/Engine_MaterialFunctions02/UVs/BoundingBoxBased_0-1_UVW.uasset" 203
"../../../Engine/Content/Functions/Engine_MaterialFunctions02/UVs/BoundingBoxBased_0-1_UVW.uexp" 204
"../../../Engine/Content/Functions/Engine_MaterialFunctions02/Utility/VectorLength.uasset" 205
"../../../Engine/Content/Functions/Engine_MaterialFunctions02/Utility/VectorLength.uexp" 206
"../../../Engine/Plugins/Editor/SpeedTreeImporter/Content/SpeedTree9/UnpackInteger3.uasset" 207
"../../../Engine/Plugins/Editor/SpeedTreeImporter/Content/SpeedTree9/UnpackInteger3.uexp" 208
"../../../Engine/Plugins/Editor/SpeedTreeImporter/Content/SpeedTree9/SpeedTreeCameraFacing.uasset" 209
"../../../Engine/Plugins/Editor/SpeedTreeImporter/Content/SpeedTree9/SpeedTreeCameraFacing.uexp" 210
"../../../Engine/Content/Functions/Engine_MaterialFunctions02/WorldPositionOffset/ObjectScale.uasset" 211
"../../../Engine/Content/Functions/Engine_MaterialFunctions02/WorldPositionOffset/ObjectScale.uexp" 212
"../../../Engine/Content/Functions/Engine_MaterialFunctions02/SafeNormalize.uasset" 213
"../../../Engine/Content/Functions/Engine_MaterialFunctions02/SafeNormalize.uexp" 214
"../../../Engine/Plugins/Editor/SpeedTreeImporter/Content/SpeedTree9/SpeedTreeWindMotion.uasset" 215
"../../../Engine/Plugins/Editor/SpeedTreeImporter/Content/SpeedTree9/SpeedTreeWindMotion.uexp" 216
"../../../Engine/Plugins/Editor/SpeedTreeImporter/Content/SpeedTree9/SpeedTreeBranchMotion.uasset" 217
"../../../Engine/Plugins/Editor/SpeedTreeImporter/Content/SpeedTree9/SpeedTreeBranchMotion.uexp" 218
"../../../Engine/Plugins/Editor/SpeedTreeImporter/Content/SpeedTree9/SpeedTreeWind.uasset" 219
"../../../Engine/Plugins/Editor/SpeedTreeImporter/Content/SpeedTree9/SpeedTreeWind.uexp" 220
"../../../Engine/Plugins/Editor/SpeedTreeImporter/Content/SpeedTree9/EmptyNormal.uasset" 221
"../../../Engine/Plugins/Editor/SpeedTreeImporter/Content/SpeedTree9/EmptyNormal.uexp" 222
"../../../Engine/Plugins/Editor/SpeedTreeImporter/Content/SpeedTree9/Empty.uasset" 223
"../../../Engine/Plugins/Editor/SpeedTreeImporter/Content/SpeedTree9/Empty.uexp" 224
"../../../Engine/Plugins/Editor/SpeedTreeImporter/Content/SpeedTree9/SpeedTreeMaster.uasset" 225
"../../../Engine/Plugins/Editor/SpeedTreeImporter/Content/SpeedTree9/SpeedTreeMaster.uexp" 226
"../../../Engine/Plugins/Editor/SpeedTreeImporter/Content/SpeedTree9/SpeedTreeBillboard.uasset" 227
"../../../Engine/Plugins/Editor/SpeedTreeImporter/Content/SpeedTree9/SpeedTreeBillboard.uexp" 228
"../../../Engine/Plugins/Editor/SpeedTreeImporter/Content/SpeedTree9/SpeedTreeBillboardMaster.uasset" 229
"../../../Engine/Plugins/Editor/SpeedTreeImporter/Content/SpeedTree9/SpeedTreeBillboardMaster.uexp" 230
"../../../Engine/Plugins/Animation/ControlRig/Content/Controls/DefaultGizmoLibraryNormalized.uasset" 231
"../../../Engine/Plugins/Animation/ControlRig/Content/Controls/DefaultGizmoLibraryNormalized.uexp" 232
"../../../Engine/Plugins/Animation/ControlRig/Content/Controls/ControlRig_Wedge_solid.ubulk" 233
"../../../Engine/Plugins/Animation/ControlRig/Content/Controls/ControlRig_Wedge_solid.uasset" 234
"../../../Engine/Plugins/Animation/ControlRig/Content/Controls/ControlRig_Wedge_solid.uexp" 235
"../../../Engine/Plugins/Animation/ControlRig/Content/Controls/ControlRig_Wedge_3mm.ubulk" 236
"../../../Engine/Plugins/Animation/ControlRig/Content/Controls/ControlRig_Wedge_3mm.uasset" 237
"../../../Engine/Plugins/Animation/ControlRig/Content/Controls/ControlRig_Wedge_3mm.uexp" 238
"../../../Engine/Plugins/Animation/ControlRig/Content/Controls/ControlRig_Wedge_1mm.ubulk" 239
"../../../Engine/Plugins/Animation/ControlRig/Content/Controls/ControlRig_Wedge_1mm.uasset" 240
"../../../Engine/Plugins/Animation/ControlRig/Content/Controls/ControlRig_Wedge_1mm.uexp" 241
"../../../Engine/Plugins/Animation/ControlRig/Content/Controls/ControlRig_Triangle_solid.ubulk" 242
"../../../Engine/Plugins/Animation/ControlRig/Content/Controls/ControlRig_Triangle_solid.uasset" 243
"../../../Engine/Plugins/Animation/ControlRig/Content/Controls/ControlRig_Triangle_solid.uexp" 244
"../../../Engine/Plugins/Animation/ControlRig/Content/Controls/ControlRig_Triangle_3mm.ubulk" 245
"../../../Engine/Plugins/Animation/ControlRig/Content/Controls/ControlRig_Triangle_3mm.uasset" 246
"../../../Engine/Plugins/Animation/ControlRig/Content/Controls/ControlRig_Triangle_3mm.uexp" 247
"../../../Engine/Plugins/Animation/ControlRig/Content/Controls/ControlRig_Triangle_1mm.ubulk" 248
"../../../Engine/Plugins/Animation/ControlRig/Content/Controls/ControlRig_Triangle_1mm.uasset" 249
"../../../Engine/Plugins/Animation/ControlRig/Content/Controls/ControlRig_Triangle_1mm.uexp" 250
"../../../Engine/Plugins/Animation/ControlRig/Content/Controls/ControlRig_Star4_solid.ubulk" 251
"../../../Engine/Plugins/Animation/ControlRig/Content/Controls/ControlRig_Star4_solid.uasset" 252
"../../../Engine/Plugins/Animation/ControlRig/Content/Controls/ControlRig_Star4_solid.uexp" 253
"../../../Engine/Plugins/Animation/ControlRig/Content/Controls/ControlRig_Star4_3mm.ubulk" 254
"../../../Engine/Plugins/Animation/ControlRig/Content/Controls/ControlRig_Star4_3mm.uasset" 255
"../../../Engine/Plugins/Animation/ControlRig/Content/Controls/ControlRig_Star4_3mm.uexp" 256
"../../../Engine/Plugins/Animation/ControlRig/Content/Controls/ControlRig_Star4_1mm.ubulk" 257
"../../../Engine/Plugins/Animation/ControlRig/Content/Controls/ControlRig_Star4_1mm.uasset" 258
"../../../Engine/Plugins/Animation/ControlRig/Content/Controls/ControlRig_Star4_1mm.uexp" 259
"../../../Engine/Plugins/Animation/ControlRig/Content/Controls/ControlRig_Square_solid.ubulk" 260
"../../../Engine/Plugins/Animation/ControlRig/Content/Controls/ControlRig_Square_solid.uasset" 261
"../../../Engine/Plugins/Animation/ControlRig/Content/Controls/ControlRig_Square_solid.uexp" 262
"../../../Engine/Plugins/Animation/ControlRig/Content/Controls/ControlRig_Square_3mm.ubulk" 263
"../../../Engine/Plugins/Animation/ControlRig/Content/Controls/ControlRig_Square_3mm.uasset" 264
"../../../Engine/Plugins/Animation/ControlRig/Content/Controls/ControlRig_Square_3mm.uexp" 265
"../../../Engine/Plugins/Animation/ControlRig/Content/Controls/ControlRig_Square_1mm.ubulk" 266
"../../../Engine/Plugins/Animation/ControlRig/Content/Controls/ControlRig_Square_1mm.uasset" 267
"../../../Engine/Plugins/Animation/ControlRig/Content/Controls/ControlRig_Square_1mm.uexp" 268
"../../../Engine/Plugins/Animation/ControlRig/Content/Controls/ControlRig_Sphere_solid.ubulk" 269
"../../../Engine/Plugins/Animation/ControlRig/Content/Controls/ControlRig_Sphere_solid.uasset" 270
"../../../Engine/Plugins/Animation/ControlRig/Content/Controls/ControlRig_Sphere_solid.uexp" 271
"../../../Engine/Plugins/Animation/ControlRig/Content/Controls/ControlRig_Sphere_3mm.ubulk" 272
"../../../Engine/Plugins/Animation/ControlRig/Content/Controls/ControlRig_Sphere_3mm.uasset" 273
"../../../Engine/Plugins/Animation/ControlRig/Content/Controls/ControlRig_Sphere_3mm.uexp" 274
"../../../Engine/Plugins/Animation/ControlRig/Content/Controls/ControlRig_Sphere_1mm.ubulk" 275
"../../../Engine/Plugins/Animation/ControlRig/Content/Controls/ControlRig_Sphere_1mm.uasset" 276
"../../../Engine/Plugins/Animation/ControlRig/Content/Controls/ControlRig_Sphere_1mm.uexp" 277
"../../../Engine/Plugins/Animation/ControlRig/Content/Controls/ControlRig_RoundedTriangle_solid.ubulk" 278
"../../../Engine/Plugins/Animation/ControlRig/Content/Controls/ControlRig_RoundedTriangle_solid.uasset" 279
"../../../Engine/Plugins/Animation/ControlRig/Content/Controls/ControlRig_RoundedTriangle_solid.uexp" 280
"../../../Engine/Plugins/Animation/ControlRig/Content/Controls/ControlRig_RoundedTriangle_3mm.ubulk" 281
"../../../Engine/Plugins/Animation/ControlRig/Content/Controls/ControlRig_RoundedTriangle_3mm.uasset" 282
"../../../Engine/Plugins/Animation/ControlRig/Content/Controls/ControlRig_RoundedTriangle_3mm.uexp" 283
"../../../Engine/Plugins/Animation/ControlRig/Content/Controls/ControlRig_RoundedTriangle_1mm.ubulk" 284
"../../../Engine/Plugins/Animation/ControlRig/Content/Controls/ControlRig_RoundedTriangle_1mm.uasset" 285
"../../../Engine/Plugins/Animation/ControlRig/Content/Controls/ControlRig_RoundedTriangle_1mm.uexp" 286
"../../../Engine/Plugins/Animation/ControlRig/Content/Controls/ControlRig_RoundedSquare_solid.ubulk" 287
"../../../Engine/Plugins/Animation/ControlRig/Content/Controls/ControlRig_RoundedSquare_solid.uasset" 288
"../../../Engine/Plugins/Animation/ControlRig/Content/Controls/ControlRig_RoundedSquare_solid.uexp" 289
"../../../Engine/Plugins/Animation/ControlRig/Content/Controls/ControlRig_RoundedSquare_3mm.ubulk" 290
"../../../Engine/Plugins/Animation/ControlRig/Content/Controls/ControlRig_RoundedSquare_3mm.uasset" 291
"../../../Engine/Plugins/Animation/ControlRig/Content/Controls/ControlRig_RoundedSquare_3mm.uexp" 292
"../../../Engine/Plugins/Animation/ControlRig/Content/Controls/ControlRig_RoundedSquare_1mm.ubulk" 293
"../../../Engine/Plugins/Animation/ControlRig/Content/Controls/ControlRig_RoundedSquare_1mm.uasset" 294
"../../../Engine/Plugins/Animation/ControlRig/Content/Controls/ControlRig_RoundedSquare_1mm.uexp" 295
"../../../Engine/Plugins/Animation/ControlRig/Content/Controls/ControlRig_QuarterCircle_solid.ubulk" 296
"../../../Engine/Plugins/Animation/ControlRig/Content/Controls/ControlRig_QuarterCircle_solid.uasset" 297
"../../../Engine/Plugins/Animation/ControlRig/Content/Controls/ControlRig_QuarterCircle_solid.uexp" 298
"../../../Engine/Plugins/Animation/ControlRig/Content/Controls/ControlRig_QuarterCircle_3mm.ubulk" 299
"../../../Engine/Plugins/Animation/ControlRig/Content/Controls/ControlRig_QuarterCircle_3mm.uasset" 300
"../../../Engine/Plugins/Animation/ControlRig/Content/Controls/ControlRig_QuarterCircle_3mm.uexp" 301
"../../../Engine/Plugins/Animation/ControlRig/Content/Controls/ControlRig_QuarterCircle_1mm.ubulk" 302
"../../../Engine/Plugins/Animation/ControlRig/Content/Controls/ControlRig_QuarterCircle_1mm.uasset" 303
"../../../Engine/Plugins/Animation/ControlRig/Content/Controls/ControlRig_QuarterCircle_1mm.uexp" 304
"../../../Engine/Plugins/Animation/ControlRig/Content/Controls/ControlRig_Pyramid_solid.ubulk" 305
"../../../Engine/Plugins/Animation/ControlRig/Content/Controls/ControlRig_Pyramid_solid.uasset" 306
"../../../Engine/Plugins/Animation/ControlRig/Content/Controls/ControlRig_Pyramid_solid.uexp" 307
"../../../Engine/Plugins/Animation/ControlRig/Content/Controls/ControlRig_Pyramid_3mm.ubulk" 308
"../../../Engine/Plugins/Animation/ControlRig/Content/Controls/ControlRig_Pyramid_3mm.uasset" 309
"../../../Engine/Plugins/Animation/ControlRig/Content/Controls/ControlRig_Pyramid_3mm.uexp" 310
"../../../Engine/Plugins/Animation/ControlRig/Content/Controls/ControlRig_Pyramid_1mm.ubulk" 311
"../../../Engine/Plugins/Animation/ControlRig/Content/Controls/ControlRig_Pyramid_1mm.uasset" 312
"../../../Engine/Plugins/Animation/ControlRig/Content/Controls/ControlRig_Pyramid_1mm.uexp" 313
"../../../Engine/Plugins/Animation/ControlRig/Content/Controls/ControlRig_Octagon_solid.ubulk" 314
"../../../Engine/Plugins/Animation/ControlRig/Content/Controls/ControlRig_Octagon_solid.uasset" 315
"../../../Engine/Plugins/Animation/ControlRig/Content/Controls/ControlRig_Octagon_solid.uexp" 316
"../../../Engine/Plugins/Animation/ControlRig/Content/Controls/ControlRig_Octagon_3mm.ubulk" 317
"../../../Engine/Plugins/Animation/ControlRig/Content/Controls/ControlRig_Octagon_3mm.uasset" 318
"../../../Engine/Plugins/Animation/ControlRig/Content/Controls/ControlRig_Octagon_3mm.uexp" 319
"../../../Engine/Plugins/Animation/ControlRig/Content/Controls/ControlRig_Octagon_1mm.ubulk" 320
"../../../Engine/Plugins/Animation/ControlRig/Content/Controls/ControlRig_Octagon_1mm.uasset" 321
"../../../Engine/Plugins/Animation/ControlRig/Content/Controls/ControlRig_Octagon_1mm.uexp" 322
"../../../Engine/Plugins/Animation/ControlRig/Content/Controls/ControlRig_Hexagon_solid.ubulk" 323
"../../../Engine/Plugins/Animation/ControlRig/Content/Controls/ControlRig_Hexagon_solid.uasset" 324
"../../../Engine/Plugins/Animation/ControlRig/Content/Controls/ControlRig_Hexagon_solid.uexp" 325
"../../../Engine/Plugins/Animation/ControlRig/Content/Controls/ControlRig_Hexagon_3mm.ubulk" 326
"../../../Engine/Plugins/Animation/ControlRig/Content/Controls/ControlRig_Hexagon_3mm.uasset" 327
"../../../Engine/Plugins/Animation/ControlRig/Content/Controls/ControlRig_Hexagon_3mm.uexp" 328
"../../../Engine/Plugins/Animation/ControlRig/Content/Controls/ControlRig_Hexagon_1mm.ubulk" 329
"../../../Engine/Plugins/Animation/ControlRig/Content/Controls/ControlRig_Hexagon_1mm.uasset" 330
"../../../Engine/Plugins/Animation/ControlRig/Content/Controls/ControlRig_Hexagon_1mm.uexp" 331
"../../../Engine/Plugins/Animation/ControlRig/Content/Controls/ControlRig_HalfCircle_solid.ubulk" 332
"../../../Engine/Plugins/Animation/ControlRig/Content/Controls/ControlRig_HalfCircle_solid.uasset" 333
"../../../Engine/Plugins/Animation/ControlRig/Content/Controls/ControlRig_HalfCircle_solid.uexp" 334
"../../../Engine/Plugins/Animation/ControlRig/Content/Controls/ControlRig_HalfCircle_3mm.ubulk" 335
"../../../Engine/Plugins/Animation/ControlRig/Content/Controls/ControlRig_HalfCircle_3mm.uasset" 336
"../../../Engine/Plugins/Animation/ControlRig/Content/Controls/ControlRig_HalfCircle_3mm.uexp" 337
"../../../Engine/Plugins/Animation/ControlRig/Content/Controls/ControlRig_HalfCircle_1mm.ubulk" 338
"../../../Engine/Plugins/Animation/ControlRig/Content/Controls/ControlRig_HalfCircle_1mm.uasset" 339
"../../../Engine/Plugins/Animation/ControlRig/Content/Controls/ControlRig_HalfCircle_1mm.uexp" 340
"../../../Engine/Plugins/Animation/ControlRig/Content/Controls/ControlRig_Diamond_solid.ubulk" 341
"../../../Engine/Plugins/Animation/ControlRig/Content/Controls/ControlRig_Diamond_solid.uasset" 342
"../../../Engine/Plugins/Animation/ControlRig/Content/Controls/ControlRig_Diamond_solid.uexp" 343
"../../../Engine/Plugins/Animation/ControlRig/Content/Controls/ControlRig_Diamond_3mm.ubulk" 344
"../../../Engine/Plugins/Animation/ControlRig/Content/Controls/ControlRig_Diamond_3mm.uasset" 345
"../../../Engine/Plugins/Animation/ControlRig/Content/Controls/ControlRig_Diamond_3mm.uexp" 346
"../../../Engine/Plugins/Animation/ControlRig/Content/Controls/ControlRig_Diamond_1mm.ubulk" 347
"../../../Engine/Plugins/Animation/ControlRig/Content/Controls/ControlRig_Diamond_1mm.uasset" 348
"../../../Engine/Plugins/Animation/ControlRig/Content/Controls/ControlRig_Diamond_1mm.uexp" 349
"../../../Engine/Plugins/Animation/ControlRig/Content/Controls/ControlRig_Circle_solid.ubulk" 350
"../../../Engine/Plugins/Animation/ControlRig/Content/Controls/ControlRig_Circle_solid.uasset" 351
"../../../Engine/Plugins/Animation/ControlRig/Content/Controls/ControlRig_Circle_solid.uexp" 352
"../../../Engine/Plugins/Animation/ControlRig/Content/Controls/ControlRig_Circle_3mm.ubulk" 353
"../../../Engine/Plugins/Animation/ControlRig/Content/Controls/ControlRig_Circle_3mm.uasset" 354
"../../../Engine/Plugins/Animation/ControlRig/Content/Controls/ControlRig_Circle_3mm.uexp" 355
"../../../Engine/Plugins/Animation/ControlRig/Content/Controls/ControlRig_Circle_1mm.ubulk" 356
"../../../Engine/Plugins/Animation/ControlRig/Content/Controls/ControlRig_Circle_1mm.uasset" 357
"../../../Engine/Plugins/Animation/ControlRig/Content/Controls/ControlRig_Circle_1mm.uexp" 358
"../../../Engine/Plugins/Animation/ControlRig/Content/Controls/ControlRig_Box_solid.ubulk" 359
"../../../Engine/Plugins/Animation/ControlRig/Content/Controls/ControlRig_Box_solid.uasset" 360
"../../../Engine/Plugins/Animation/ControlRig/Content/Controls/ControlRig_Box_solid.uexp" 361
"../../../Engine/Plugins/Animation/ControlRig/Content/Controls/ControlRig_Box_3mm.ubulk" 362
"../../../Engine/Plugins/Animation/ControlRig/Content/Controls/ControlRig_Box_3mm.uasset" 363
"../../../Engine/Plugins/Animation/ControlRig/Content/Controls/ControlRig_Box_3mm.uexp" 364
"../../../Engine/Plugins/Animation/ControlRig/Content/Controls/ControlRig_Box_1mm.ubulk" 365
"../../../Engine/Plugins/Animation/ControlRig/Content/Controls/ControlRig_Box_1mm.uasset" 366
"../../../Engine/Plugins/Animation/ControlRig/Content/Controls/ControlRig_Box_1mm.uexp" 367
"../../../Engine/Plugins/Animation/ControlRig/Content/Controls/ControlRig_Arrow_solid.ubulk" 368
"../../../Engine/Plugins/Animation/ControlRig/Content/Controls/ControlRig_Arrow_solid.uasset" 369
"../../../Engine/Plugins/Animation/ControlRig/Content/Controls/ControlRig_Arrow_solid.uexp" 370
"../../../Engine/Plugins/Animation/ControlRig/Content/Controls/ControlRig_Arrow_3mm.ubulk" 371
"../../../Engine/Plugins/Animation/ControlRig/Content/Controls/ControlRig_Arrow_3mm.uasset" 372
"../../../Engine/Plugins/Animation/ControlRig/Content/Controls/ControlRig_Arrow_3mm.uexp" 373
"../../../Engine/Plugins/Animation/ControlRig/Content/Controls/ControlRig_Arrow_1mm.ubulk" 374
"../../../Engine/Plugins/Animation/ControlRig/Content/Controls/ControlRig_Arrow_1mm.uasset" 375
"../../../Engine/Plugins/Animation/ControlRig/Content/Controls/ControlRig_Arrow_1mm.uexp" 376
"../../../Engine/Plugins/Animation/ControlRig/Content/Controls/ControlRig_Arrow4_solid.ubulk" 377
"../../../Engine/Plugins/Animation/ControlRig/Content/Controls/ControlRig_Arrow4_solid.uasset" 378
"../../../Engine/Plugins/Animation/ControlRig/Content/Controls/ControlRig_Arrow4_solid.uexp" 379
"../../../Engine/Plugins/Animation/ControlRig/Content/Controls/ControlRig_Arrow4_3mm.ubulk" 380
"../../../Engine/Plugins/Animation/ControlRig/Content/Controls/ControlRig_Arrow4_3mm.uasset" 381
"../../../Engine/Plugins/Animation/ControlRig/Content/Controls/ControlRig_Arrow4_3mm.uexp" 382
"../../../Engine/Plugins/Animation/ControlRig/Content/Controls/ControlRig_Arrow4_1mm.ubulk" 383
"../../../Engine/Plugins/Animation/ControlRig/Content/Controls/ControlRig_Arrow4_1mm.uasset" 384
"../../../Engine/Plugins/Animation/ControlRig/Content/Controls/ControlRig_Arrow4_1mm.uexp" 385
"../../../Engine/Plugins/Animation/ControlRig/Content/Controls/ControlRig_Arrow2_solid.ubulk" 386
"../../../Engine/Plugins/Animation/ControlRig/Content/Controls/ControlRig_Arrow2_solid.uasset" 387
"../../../Engine/Plugins/Animation/ControlRig/Content/Controls/ControlRig_Arrow2_solid.uexp" 388
"../../../Engine/Plugins/Animation/ControlRig/Content/Controls/ControlRig_Arrow2_3mm.ubulk" 389
"../../../Engine/Plugins/Animation/ControlRig/Content/Controls/ControlRig_Arrow2_3mm.uasset" 390
"../../../Engine/Plugins/Animation/ControlRig/Content/Controls/ControlRig_Arrow2_3mm.uexp" 391
"../../../Engine/Plugins/Animation/ControlRig/Content/Controls/ControlRig_Arrow2_1mm.ubulk" 392
"../../../Engine/Plugins/Animation/ControlRig/Content/Controls/ControlRig_Arrow2_1mm.uasset" 393
"../../../Engine/Plugins/Animation/ControlRig/Content/Controls/ControlRig_Arrow2_1mm.uexp" 394
"../../../Engine/Plugins/Animation/ControlRig/Content/Controls/ControlRigXRayMaterial.uasset" 395
"../../../Engine/Plugins/Animation/ControlRig/Content/Controls/ControlRigXRayMaterial.uexp" 396
"../../../Engine/Plugins/Animation/ControlRig/Content/Controls/ControlRigGizmoMaterial.uasset" 397
"../../../Engine/Plugins/Animation/ControlRig/Content/Controls/ControlRigGizmoMaterial.uexp" 398
"../../../Engine/Content/EngineSounds/Master.uasset" 399
"../../../Engine/Content/EngineSounds/Master.uexp" 400
"../../../Engine/Content/EngineMaterials/InvalidLightmapSettings.ubulk" 401
"../../../Engine/Content/EngineMaterials/InvalidLightmapSettings.uasset" 402
"../../../Engine/Content/EngineMaterials/InvalidLightmapSettings.uexp" 403
"../../../Engine/Content/EngineMaterials/M_InvalidLightmapSettings.uasset" 404
"../../../Engine/Content/EngineMaterials/M_InvalidLightmapSettings.uexp" 405
"../../../Engine/Content/EngineMaterials/GizmoMaterial.uasset" 406
"../../../Engine/Content/EngineMaterials/GizmoMaterial.uexp" 407
"../../../Engine/Content/EngineMaterials/BaseFlattenEmissiveMap_VT.uasset" 408
"../../../Engine/Content/EngineMaterials/BaseFlattenEmissiveMap_VT.uexp" 409
"../../../Engine/Content/EngineMaterials/BaseFlattenGrayscaleMap_VT.uasset" 410
"../../../Engine/Content/EngineMaterials/BaseFlattenGrayscaleMap_VT.uexp" 411
"../../../Engine/Content/EngineMaterials/BaseFlattenLinearColor_VT.uasset" 412
"../../../Engine/Content/EngineMaterials/BaseFlattenLinearColor_VT.uexp" 413
"../../../Engine/Content/EngineMaterials/Black_1x1_EXR_Texture_VT.uasset" 414
"../../../Engine/Content/EngineMaterials/Black_1x1_EXR_Texture_VT.uexp" 415
"../../../Engine/Content/EngineMaterials/BaseFlattenDiffuseMap_VT.uasset" 416
"../../../Engine/Content/EngineMaterials/BaseFlattenDiffuseMap_VT.uexp" 417
"../../../Engine/Content/EngineMaterials/BaseFlattenNormalMap_VT.uasset" 418
"../../../Engine/Content/EngineMaterials/BaseFlattenNormalMap_VT.uexp" 419
"../../../Engine/Content/EngineMaterials/FlattenMaterial_WS_Normal_VT.uasset" 420
"../../../Engine/Content/EngineMaterials/FlattenMaterial_WS_Normal_VT.uexp" 421
"../../../Engine/Content/EngineMaterials/FlattenMaterial_VT.uasset" 422
"../../../Engine/Content/EngineMaterials/FlattenMaterial_VT.uexp" 423
"../../../Engine/Content/EngineMaterials/BaseFlattenNormalMap.uasset" 424
"../../../Engine/Content/EngineMaterials/BaseFlattenNormalMap.uexp" 425
"../../../Engine/Content/EngineMaterials/BaseFlattenGrayscaleMap.uasset" 426
"../../../Engine/Content/EngineMaterials/BaseFlattenGrayscaleMap.uexp" 427
"../../../Engine/Content/EngineMaterials/BaseFlattenDiffuseMap.uasset" 428
"../../../Engine/Content/EngineMaterials/BaseFlattenDiffuseMap.uexp" 429
"../../../Engine/Content/Functions/Engine_MaterialFunctions02/PivotPainter2/Black_1x1_EXR_Texture.uasset" 430
"../../../Engine/Content/Functions/Engine_MaterialFunctions02/PivotPainter2/Black_1x1_EXR_Texture.uexp" 431
"../../../Engine/Content/EngineMaterials/BaseFlattenEmissiveMap.uasset" 432
"../../../Engine/Content/EngineMaterials/BaseFlattenEmissiveMap.uexp" 433
"../../../Engine/Content/EngineMaterials/BaseFlattenLinearColor.uasset" 434
"../../../Engine/Content/EngineMaterials/BaseFlattenLinearColor.uexp" 435
"../../../Engine/Content/EngineMaterials/FlattenMaterial.uasset" 436
"../../../Engine/Content/EngineMaterials/FlattenMaterial.uexp" 437
"../../../Engine/Content/EngineMaterials/DefaultWhiteGrid_Low.uasset" 438
"../../../Engine/Content/EngineMaterials/DefaultWhiteGrid_Low.uexp" 439
"../../../Engine/Content/EngineMaterials/EmissiveMeshMaterial.uasset" 440
"../../../Engine/Content/EngineMaterials/EmissiveMeshMaterial.uexp" 441
"../../../Engine/Content/EngineFonts/RobotoDistanceField.uasset" 442
"../../../Engine/Content/EngineFonts/RobotoDistanceField.uexp" 443
"../../../Engine/Content/EngineMaterials/DefaultTextMaterialOpaque.uasset" 444
"../../../Engine/Content/EngineMaterials/DefaultTextMaterialOpaque.uexp" 445
"../../../Engine/Content/EngineMaterials/DefaultDiffuse.ubulk" 446
"../../../Engine/Content/EngineMaterials/DefaultDiffuse.uasset" 447
"../../../Engine/Content/EngineMaterials/DefaultDiffuse.uexp" 448
"../../../Engine/Content/Functions/Engine_MaterialFunctions02/Utility/BreakOutFloat2Components.uasset" 449
"../../../Engine/Content/Functions/Engine_MaterialFunctions02/Utility/BreakOutFloat2Components.uexp" 450
"../../../Engine/Content/EngineMaterials/DefaultPostProcessMaterial.uasset" 451
"../../../Engine/Content/EngineMaterials/DefaultPostProcessMaterial.uexp" 452
"../../../Engine/Content/EngineMaterials/DefaultPhysicalMaterial.uasset" 453
"../../../Engine/Content/EngineMaterials/DefaultPhysicalMaterial.uexp" 454
"../../../Engine/Content/EngineMaterials/DefaultLightFunctionMaterial.uasset" 455
"../../../Engine/Content/EngineMaterials/DefaultLightFunctionMaterial.uexp" 456
"../../../Engine/Content/EngineMaterials/DefaultDestructiblePhysicalMaterial.uasset" 457
"../../../Engine/Content/EngineMaterials/DefaultDestructiblePhysicalMaterial.uexp" 458
"../../../Engine/Content/EngineMaterials/DefaultDeferredDecalMaterial.uasset" 459
"../../../Engine/Content/EngineMaterials/DefaultDeferredDecalMaterial.uexp" 460
"../../../Engine/Content/EngineMaterials/DefaultBloomKernel.uasset" 461
"../../../Engine/Content/EngineMaterials/DefaultBloomKernel.uexp" 462
"../../../Engine/Content/EngineFonts/Faces/RobotoLight.uexp" 463
"../../../Engine/Content/EngineFonts/Faces/RobotoLight.uasset" 464
"../../../Engine/Content/EngineFonts/Faces/RobotoLight.ufont" 465
"../../../Engine/Content/EngineFonts/Faces/RobotoBold.uexp" 466
"../../../Engine/Content/EngineFonts/Faces/RobotoBold.uasset" 467
"../../../Engine/Content/EngineFonts/Faces/RobotoBold.ufont" 468
"../../../Engine/Content/EngineFonts/Faces/RobotoRegular.uexp" 469
"../../../Engine/Content/EngineFonts/Faces/RobotoRegular.uasset" 470
"../../../Engine/Content/EngineFonts/Faces/RobotoRegular.ufont" 471
"../../../Engine/Content/EngineFonts/Faces/DroidSansFallback.uexp" 472
"../../../Engine/Content/EngineFonts/Faces/DroidSansFallback.uasset" 473
"../../../Engine/Content/EngineFonts/Faces/DroidSansFallback.ufont" 474
"../../../Engine/Content/EngineFonts/Faces/RobotoItalic.uexp" 475
"../../../Engine/Content/EngineFonts/Faces/RobotoItalic.uasset" 476
"../../../Engine/Content/EngineFonts/Faces/RobotoItalic.ufont" 477
"../../../Engine/Content/EngineFonts/Faces/RobotoBoldItalic.uexp" 478
"../../../Engine/Content/EngineFonts/Faces/RobotoBoldItalic.uasset" 479
"../../../Engine/Content/EngineFonts/Faces/RobotoBoldItalic.ufont" 480
"../../../Engine/Content/EngineFonts/Roboto.uasset" 481
"../../../Engine/Content/EngineFonts/Roboto.uexp" 482
"../../../Engine/Content/Functions/Engine_MaterialFunctions02/Utility/CameraDirectionVector.uasset" 483
"../../../Engine/Content/Functions/Engine_MaterialFunctions02/Utility/CameraDirectionVector.uexp" 484
"../../../Engine/Content/EngineDebugMaterials/VolumeToRender.uasset" 485
"../../../Engine/Content/EngineDebugMaterials/VolumeToRender.uexp" 486
"../../../Engine/Content/EngineDebugMaterials/M_VolumeRenderSphereTracePP.uasset" 487
"../../../Engine/Content/EngineDebugMaterials/M_VolumeRenderSphereTracePP.uexp" 488
"../../../Engine/Content/EngineDebugMaterials/M_SimpleUnlitTranslucent.uasset" 489
"../../../Engine/Content/EngineDebugMaterials/M_SimpleUnlitTranslucent.uexp" 490
"../../../Engine/Content/EngineDebugMaterials/DebugMeshMaterial.uasset" 491
"../../../Engine/Content/EngineDebugMaterials/DebugMeshMaterial.uexp" 492
"../../../Engine/Content/EngineDebugMaterials/DebugEditorMaterial.uasset" 493
"../../../Engine/Content/EngineDebugMaterials/DebugEditorMaterial.uexp" 494
"../../../Engine/Content/EngineDamageTypes/DmgTypeBP_Environmental.uasset" 495
"../../../Engine/Content/EngineDamageTypes/DmgTypeBP_Environmental.uexp" 496
"../../../Engine/Content/EditorResources/S_Terrain.ubulk" 497
"../../../Engine/Content/EditorResources/S_Terrain.uasset" 498
"../../../Engine/Content/EditorResources/S_Terrain.uexp" 499
"../../../Engine/Content/EditorResources/EmptyActor.uasset" 500
"../../../Engine/Content/EditorResources/EmptyActor.uexp" 501
"../../../Engine/Content/EditorResources/BSPVertex.uasset" 502
"../../../Engine/Content/EditorResources/BSPVertex.uexp" 503
"../../../Engine/Content/EditorMaterials/PreviewShadowIndicator.ubulk" 504
"../../../Engine/Content/EditorMaterials/PreviewShadowIndicator.uasset" 505
"../../../Engine/Content/EditorMaterials/PreviewShadowIndicator.uexp" 506
"../../../Engine/Content/EditorMaterials/PreviewShadowIndicatorMaterial.uasset" 507
"../../../Engine/Content/EditorMaterials/PreviewShadowIndicatorMaterial.uexp" 508
"../../../Engine/Content/EditorMaterials/PhAT_UnselectedMaterial.uasset" 509
"../../../Engine/Content/EditorMaterials/PhAT_UnselectedMaterial.uexp" 510
"../../../Engine/Content/EditorMaterials/PhAT_NoCollisionMaterial.uasset" 511
"../../../Engine/Content/EditorMaterials/PhAT_NoCollisionMaterial.uexp" 512
"../../../Engine/Content/EditorLandscapeResources/DefaultAlphaTexture.uasset" 513
"../../../Engine/Content/EditorLandscapeResources/DefaultAlphaTexture.uexp" 514
"../../../Engine/Content/EditorLandscapeResources/DataLayer.uasset" 515
"../../../Engine/Content/EditorLandscapeResources/DataLayer.uexp" 516
"../../../Engine/Content/OpenWorldTemplate/HLOD/HLOD0_Instancing.uasset" 517
"../../../Engine/Content/OpenWorldTemplate/HLOD/HLOD0_Instancing.uexp" 518
"../../../Engine/Content/MobileResources/HUD/VirtualJoystick_Background.uasset" 519
"../../../Engine/Content/MobileResources/HUD/VirtualJoystick_Background.uexp" 520
"../../../Engine/Content/MobileResources/HUD/VirtualJoystick_Thumb.uasset" 521
"../../../Engine/Content/MobileResources/HUD/VirtualJoystick_Thumb.uexp" 522
"../../../Engine/Content/MobileResources/HUD/DefaultVirtualJoysticks.uasset" 523
"../../../Engine/Content/MobileResources/HUD/DefaultVirtualJoysticks.uexp" 524
"../../../Engine/Content/EngineSky/VolumetricClouds/CloudWeatherTexture.uasset" 525
"../../../Engine/Content/EngineSky/VolumetricClouds/CloudWeatherTexture.uexp" 526
"../../../Engine/Content/Functions/Engine_MaterialFunctions02/Utility/MakeFloat2.uasset" 527
"../../../Engine/Content/Functions/Engine_MaterialFunctions02/Utility/MakeFloat2.uexp" 528
"../../../Engine/Content/EngineSky/VolumetricClouds/CloudGradientTexture.uasset" 529
"../../../Engine/Content/EngineSky/VolumetricClouds/CloudGradientTexture.uexp" 530
"../../../Engine/Content/EngineSky/VolumetricClouds/T_NoiseShape64.ubulk" 531
"../../../Engine/Content/EngineSky/VolumetricClouds/T_NoiseShape64.uasset" 532
"../../../Engine/Content/EngineSky/VolumetricClouds/T_NoiseShape64.uexp" 533
"../../../Engine/Content/EngineSky/VolumetricClouds/T_VolumeNoiseShape64.uasset" 534
"../../../Engine/Content/EngineSky/VolumetricClouds/T_VolumeNoiseShape64.uexp" 535
"../../../Engine/Content/EngineSky/VolumetricClouds/T_NoiseErosion.ubulk" 536
"../../../Engine/Content/EngineSky/VolumetricClouds/T_NoiseErosion.uasset" 537
"../../../Engine/Content/EngineSky/VolumetricClouds/T_NoiseErosion.uexp" 538
"../../../Engine/Content/EngineSky/VolumetricClouds/T_VolumeNoiseErosion32.uasset" 539
"../../../Engine/Content/EngineSky/VolumetricClouds/T_VolumeNoiseErosion32.uexp" 540
"../../../Engine/Content/EngineSky/VolumetricClouds/m_SimpleVolumetricCloud.uasset" 541
"../../../Engine/Content/EngineSky/VolumetricClouds/m_SimpleVolumetricCloud.uexp" 542
"../../../Engine/Content/EngineSky/VolumetricClouds/m_SimpleVolumetricCloud_Inst.uasset" 543
"../../../Engine/Content/EngineSky/VolumetricClouds/m_SimpleVolumetricCloud_Inst.uexp" 544
"../../../Engine/Content/EngineResources/FilmGrains/Marcie_Grain_v3_128_M2_000.uasset" 545
"../../../Engine/Content/EngineResources/FilmGrains/Marcie_Grain_v3_128_M2_000.uexp" 546
"../../../Engine/Content/EditorResources/SequenceRecorder/RecordingIndicator.uasset" 547
"../../../Engine/Content/EditorResources/SequenceRecorder/RecordingIndicator.uexp" 548
"../../../Engine/Content/EditorResources/SequenceRecorder/Countdown.uasset" 549
"../../../Engine/Content/EditorResources/SequenceRecorder/Countdown.uexp" 550
"../../../Engine/Content/Functions/Engine_MaterialFunctions01/Shading/PowerToRoughness.uasset" 551
"../../../Engine/Content/Functions/Engine_MaterialFunctions01/Shading/PowerToRoughness.uexp" 552
"../../../Engine/Content/Functions/Engine_MaterialFunctions01/Shading/ConvertFromDiffSpec.uasset" 553
"../../../Engine/Content/Functions/Engine_MaterialFunctions01/Shading/ConvertFromDiffSpec.uexp" 554
"D:/Edge/Edge_TheGame/Content/Assets/LearningKit_Games/Assets/_Shared/Textures/T_Grass_Tile_D.ubulk" 555
"D:/Edge/Edge_TheGame/Content/Assets/LearningKit_Games/Assets/_Shared/Textures/T_Grass_Tile_D.uasset" 556
"D:/Edge/Edge_TheGame/Content/Assets/LearningKit_Games/Assets/_Shared/Textures/T_Grass_Tile_D.uexp" 557
"D:/Edge/Edge_TheGame/Content/Assets/LearningKit_Games/Assets/_Shared/Textures/T_Grass_Tile_ARM.ubulk" 558
"D:/Edge/Edge_TheGame/Content/Assets/LearningKit_Games/Assets/_Shared/Textures/T_Grass_Tile_ARM.uasset" 559
"D:/Edge/Edge_TheGame/Content/Assets/LearningKit_Games/Assets/_Shared/Textures/T_Grass_Tile_ARM.uexp" 560
"D:/Edge/Edge_TheGame/Content/Assets/LearningKit_Games/Assets/_Shared/Textures/T_Default_E.ubulk" 561
"D:/Edge/Edge_TheGame/Content/Assets/LearningKit_Games/Assets/_Shared/Textures/T_Default_E.uasset" 562
"D:/Edge/Edge_TheGame/Content/Assets/LearningKit_Games/Assets/_Shared/Textures/T_Default_E.uexp" 563
"../../../Engine/Content/Functions/Engine_MaterialFunctions02/ExampleContent/Textures/LowResBlurredNoise.uasset" 564
"../../../Engine/Content/Functions/Engine_MaterialFunctions02/ExampleContent/Textures/LowResBlurredNoise.uexp" 565
"../../../Engine/Content/EngineMaterials/BlendFunc_DefBlend.uasset" 566
"../../../Engine/Content/EngineMaterials/BlendFunc_DefBlend.uexp" 567
"../../../Engine/Content/EngineMaterials/BlendFunc_DefBase.uasset" 568
"../../../Engine/Content/EngineMaterials/BlendFunc_DefBase.uexp" 569
"../../../Engine/Content/Functions/Engine_MaterialFunctions03/Blends/Blend_Overlay.uasset" 570
"../../../Engine/Content/Functions/Engine_MaterialFunctions03/Blends/Blend_Overlay.uexp" 571
"D:/Edge/Edge_TheGame/Content/Assets/LearningKit_Games/Assets/_Shared/Textures/T_Default_BC.ubulk" 572
"D:/Edge/Edge_TheGame/Content/Assets/LearningKit_Games/Assets/_Shared/Textures/T_Default_BC.uasset" 573
"D:/Edge/Edge_TheGame/Content/Assets/LearningKit_Games/Assets/_Shared/Textures/T_Default_BC.uexp" 574
"../../../Engine/Content/Functions/Engine_MaterialFunctions01/Gradient/LinearGradient.uasset" 575
"../../../Engine/Content/Functions/Engine_MaterialFunctions01/Gradient/LinearGradient.uexp" 576
"../../../Engine/Content/Functions/Engine_MaterialFunctions01/ImageAdjustment/CheapContrast.uasset" 577
"../../../Engine/Content/Functions/Engine_MaterialFunctions01/ImageAdjustment/CheapContrast.uexp" 578
"D:/Edge/Edge_TheGame/Content/Assets/LearningKit_Games/Assets/_Shared/Textures/T_Default_ARM.ubulk" 579
"D:/Edge/Edge_TheGame/Content/Assets/LearningKit_Games/Assets/_Shared/Textures/T_Default_ARM.uasset" 580
"D:/Edge/Edge_TheGame/Content/Assets/LearningKit_Games/Assets/_Shared/Textures/T_Default_ARM.uexp" 581
"D:/Edge/Edge_TheGame/Content/Assets/LearningKit_Games/Assets/_Shared/Textures/T_Default_O.ubulk" 582
"D:/Edge/Edge_TheGame/Content/Assets/LearningKit_Games/Assets/_Shared/Textures/T_Default_O.uasset" 583
"D:/Edge/Edge_TheGame/Content/Assets/LearningKit_Games/Assets/_Shared/Textures/T_Default_O.uexp" 584
"D:/Edge/Edge_TheGame/Content/Assets/LearningKit_Games/Assets/_Shared/Textures/T_Default_RGB.ubulk" 585
"D:/Edge/Edge_TheGame/Content/Assets/LearningKit_Games/Assets/_Shared/Textures/T_Default_RGB.uasset" 586
"D:/Edge/Edge_TheGame/Content/Assets/LearningKit_Games/Assets/_Shared/Textures/T_Default_RGB.uexp" 587
"../../../Engine/Content/Functions/Engine_MaterialFunctions01/Texturing/WorldAlignedTexture.uasset" 588
"../../../Engine/Content/Functions/Engine_MaterialFunctions01/Texturing/WorldAlignedTexture.uexp" 589
"../../../Engine/Content/MaterialTemplates/LayerBlends/T_DefaultMaskTexture.uasset" 590
"../../../Engine/Content/MaterialTemplates/LayerBlends/T_DefaultMaskTexture.uexp" 591
"D:/Edge/Edge_TheGame/Content/Assets/LearningKit_Games/Assets/_Shared/Textures/T_Default_N.ubulk" 592
"D:/Edge/Edge_TheGame/Content/Assets/LearningKit_Games/Assets/_Shared/Textures/T_Default_N.uasset" 593
"D:/Edge/Edge_TheGame/Content/Assets/LearningKit_Games/Assets/_Shared/Textures/T_Default_N.uexp" 594
"D:/Edge/Edge_TheGame/Content/Assets/LearningKit_Games/Assets/_Shared/Functions/MF_MasterMaterialFunction.uasset" 595
"D:/Edge/Edge_TheGame/Content/Assets/LearningKit_Games/Assets/_Shared/Functions/MF_MasterMaterialFunction.uexp" 596
"D:/Edge/Edge_TheGame/Content/Assets/LearningKit_Games/Assets/_Shared/Materials/M_LearningKit_Foliage_Master.uasset" 597
"D:/Edge/Edge_TheGame/Content/Assets/LearningKit_Games/Assets/_Shared/Materials/M_LearningKit_Foliage_Master.uexp" 598
"D:/Edge/Edge_TheGame/Content/Assets/LearningKit_Games/Assets/_Shared/Materials/MI_Grass_BaseInstance.uasset" 599
"D:/Edge/Edge_TheGame/Content/Assets/LearningKit_Games/Assets/_Shared/Materials/MI_Grass_BaseInstance.uexp" 600
"D:/Edge/Edge_TheGame/Content/Assets/LearningKit_Games/Assets/Environment/Islands/Texture/T_FloatingIsland_Bot_M_BC.ubulk" 601
"D:/Edge/Edge_TheGame/Content/Assets/LearningKit_Games/Assets/Environment/Islands/Texture/T_FloatingIsland_Bot_M_BC.uasset" 602
"D:/Edge/Edge_TheGame/Content/Assets/LearningKit_Games/Assets/Environment/Islands/Texture/T_FloatingIsland_Bot_M_BC.uexp" 603
"D:/Edge/Edge_TheGame/Content/Assets/LearningKit_Games/Assets/Environment/Islands/Texture/T_FloatingIsland_Bot_M_ARM.ubulk" 604
"D:/Edge/Edge_TheGame/Content/Assets/LearningKit_Games/Assets/Environment/Islands/Texture/T_FloatingIsland_Bot_M_ARM.uasset" 605
"D:/Edge/Edge_TheGame/Content/Assets/LearningKit_Games/Assets/Environment/Islands/Texture/T_FloatingIsland_Bot_M_ARM.uexp" 606
"D:/Edge/Edge_TheGame/Content/Assets/LearningKit_Games/Assets/Environment/Islands/Texture/T_FloatingIsland_Ground_BC.ubulk" 607
"D:/Edge/Edge_TheGame/Content/Assets/LearningKit_Games/Assets/Environment/Islands/Texture/T_FloatingIsland_Ground_BC.uasset" 608
"D:/Edge/Edge_TheGame/Content/Assets/LearningKit_Games/Assets/Environment/Islands/Texture/T_FloatingIsland_Ground_BC.uexp" 609
"D:/Edge/Edge_TheGame/Content/Assets/LearningKit_Games/Assets/Environment/Islands/Texture/T_FloatingIsland_Ground_ARM.ubulk" 610
"D:/Edge/Edge_TheGame/Content/Assets/LearningKit_Games/Assets/Environment/Islands/Texture/T_FloatingIsland_Ground_ARM.uasset" 611
"D:/Edge/Edge_TheGame/Content/Assets/LearningKit_Games/Assets/Environment/Islands/Texture/T_FloatingIsland_Ground_ARM.uexp" 612
"D:/Edge/Edge_TheGame/Content/Assets/LearningKit_Games/Assets/_Shared/Materials/M_LearningKit_MasterMaterial.uasset" 613
"D:/Edge/Edge_TheGame/Content/Assets/LearningKit_Games/Assets/_Shared/Materials/M_LearningKit_MasterMaterial.uexp" 614
"D:/Edge/Edge_TheGame/Content/Assets/LearningKit_Games/Assets/_Shared/Materials/MI_Opaque_BaseInstance.uasset" 615
"D:/Edge/Edge_TheGame/Content/Assets/LearningKit_Games/Assets/_Shared/Materials/MI_Opaque_BaseInstance.uexp" 616
"D:/Edge/Edge_TheGame/Content/Assets/LearningKit_Games/Assets/Environment/Islands/Material/MI_FloatingIsland_Ground.uasset" 617
"D:/Edge/Edge_TheGame/Content/Assets/LearningKit_Games/Assets/Environment/Islands/Material/MI_FloatingIsland_Ground.uexp" 618
"D:/Edge/Edge_TheGame/Content/Assets/LearningKit_Games/Assets/Environment/Islands/Material/MI_FloatingIsland_Bot.uasset" 619
"D:/Edge/Edge_TheGame/Content/Assets/LearningKit_Games/Assets/Environment/Islands/Material/MI_FloatingIsland_Bot.uexp" 620
"D:/Edge/Edge_TheGame/Content/Assets/LearningKit_Games/Assets/Environment/Islands/SM_FloatingIsland_M.ubulk" 621
"D:/Edge/Edge_TheGame/Content/Assets/LearningKit_Games/Assets/Environment/Islands/SM_FloatingIsland_M.uasset" 622
"D:/Edge/Edge_TheGame/Content/Assets/LearningKit_Games/Assets/Environment/Islands/SM_FloatingIsland_M.uexp" 623
"../../../Engine/Content/Animation/DefaultAnimCurveCompressionSettings.uasset" 624
"../../../Engine/Content/Animation/DefaultAnimCurveCompressionSettings.uexp" 625
"../../../Engine/Content/EngineMeshes/Humanoid.uasset" 626
"../../../Engine/Content/EngineMeshes/Humanoid.uexp" 627
"D:/Edge/Edge_TheGame/Content/Assets/LearningKit_Games/Assets/Characters/Character/Mesh/SK_EpicCharacter_Skeleton.uasset" 628
"D:/Edge/Edge_TheGame/Content/Assets/LearningKit_Games/Assets/Characters/Character/Mesh/SK_EpicCharacter_Skeleton.uexp" 629
"../../../Engine/Content/Animation/DefaultAnimBoneCompressionSettings.uasset" 630
"../../../Engine/Content/Animation/DefaultAnimBoneCompressionSettings.uexp" 631
"D:/Edge/Edge_TheGame/Content/Assets/Animations/Retargeted/AnimStarterPack/Idle_Rifle_Ironsights.uasset" 632
"D:/Edge/Edge_TheGame/Content/Assets/Animations/Retargeted/AnimStarterPack/Idle_Rifle_Ironsights.uexp" 633
"D:/Edge/Edge_TheGame/Content/Maps/TransitionMap.uexp" 634
"D:/Edge/Edge_TheGame/Content/Maps/TransitionMap.umap" 635
"../../../Engine/Content/BasicShapes/Cube.ubulk" 636
"../../../Engine/Content/BasicShapes/Cube.uasset" 637
"../../../Engine/Content/BasicShapes/Cube.uexp" 638
"D:/Edge/Edge_TheGame/Content/Materials/Red.uasset" 639
"D:/Edge/Edge_TheGame/Content/Materials/Red.uexp" 640
"../../../Engine/Content/OpenWorldTemplate/LandscapeMaterial/T_GridChecker_A.ubulk" 641
"../../../Engine/Content/OpenWorldTemplate/LandscapeMaterial/T_GridChecker_A.uasset" 642
"../../../Engine/Content/OpenWorldTemplate/LandscapeMaterial/T_GridChecker_A.uexp" 643
"../../../Engine/Content/Functions/Engine_MaterialFunctions02/Utility/MakeFloat3.uasset" 644
"../../../Engine/Content/Functions/Engine_MaterialFunctions02/Utility/MakeFloat3.uexp" 645
"../../../Engine/Content/OpenWorldTemplate/LandscapeMaterial/MF_ProcGrid.uasset" 646
"../../../Engine/Content/OpenWorldTemplate/LandscapeMaterial/MF_ProcGrid.uexp" 647
"../../../Engine/Content/OpenWorldTemplate/LandscapeMaterial/M_ProcGrid.uasset" 648
"../../../Engine/Content/OpenWorldTemplate/LandscapeMaterial/M_ProcGrid.uexp" 649
"../../../Engine/Content/OpenWorldTemplate/LandscapeMaterial/MI_ProcGrid.uasset" 650
"../../../Engine/Content/OpenWorldTemplate/LandscapeMaterial/MI_ProcGrid.uexp" 651
"../../../Engine/Content/EngineSky/T_Sky_Stars.ubulk" 652
"../../../Engine/Content/EngineSky/T_Sky_Stars.uasset" 653
"../../../Engine/Content/EngineSky/T_Sky_Stars.uexp" 654
"../../../Engine/Content/EngineSky/T_Sky_Clouds_M.ubulk" 655
"../../../Engine/Content/EngineSky/T_Sky_Clouds_M.uasset" 656
"../../../Engine/Content/EngineSky/T_Sky_Clouds_M.uexp" 657
"../../../Engine/Content/EngineSky/T_Sky_Blue.ubulk" 658
"../../../Engine/Content/EngineSky/T_Sky_Blue.uasset" 659
"../../../Engine/Content/EngineSky/T_Sky_Blue.uexp" 660
"../../../Engine/Content/EngineSky/M_Sky_Panning_Clouds2.uasset" 661
"../../../Engine/Content/EngineSky/M_Sky_Panning_Clouds2.uexp" 662
"../../../Engine/Content/EngineSky/SM_SkySphere.ubulk" 663
"../../../Engine/Content/EngineSky/SM_SkySphere.uasset" 664
"../../../Engine/Content/EngineSky/SM_SkySphere.uexp" 665
"../../../Engine/Content/MapTemplates/SM_Template_Map_Floor.ubulk" 666
"../../../Engine/Content/MapTemplates/SM_Template_Map_Floor.uasset" 667
"../../../Engine/Content/MapTemplates/SM_Template_Map_Floor.uexp" 668
"../../../Engine/Content/EngineSky/M_SimpleSkyDome.uasset" 669
"../../../Engine/Content/EngineSky/M_SimpleSkyDome.uexp" 670
"D:/Edge/Edge_TheGame/Content/Assets/LearningKit_Games/Assets/Characters/Character/Animations/EpicCharacter_JumpUp_Start.uasset" 671
"D:/Edge/Edge_TheGame/Content/Assets/LearningKit_Games/Assets/Characters/Character/Animations/EpicCharacter_JumpUp_Start.uexp" 672
"D:/Edge/Edge_TheGame/Content/Assets/LearningKit_Games/Assets/Characters/Character/Animations/EpicCharacter_Walk.uasset" 673
"D:/Edge/Edge_TheGame/Content/Assets/LearningKit_Games/Assets/Characters/Character/Animations/EpicCharacter_Walk.uexp" 674
"D:/Edge/Edge_TheGame/Content/Assets/LearningKit_Games/Assets/Characters/Character/Animations/EpicCharacter_Idle.uasset" 675
"D:/Edge/Edge_TheGame/Content/Assets/LearningKit_Games/Assets/Characters/Character/Animations/EpicCharacter_Idle.uexp" 676
"D:/Edge/Edge_TheGame/Content/Assets/LearningKit_Games/Assets/Characters/Character/Animations/EpicCharacter_Run.uasset" 677
"D:/Edge/Edge_TheGame/Content/Assets/LearningKit_Games/Assets/Characters/Character/Animations/EpicCharacter_Run.uexp" 678
"D:/Edge/Edge_TheGame/Content/Blueprints/Character/Animation/UnequippedIdleWalkRun.uasset" 679
"D:/Edge/Edge_TheGame/Content/Blueprints/Character/Animation/UnequippedIdleWalkRun.uexp" 680
"D:/Edge/Edge_TheGame/Content/Assets/LearningKit_Games/Assets/Characters/Character/Animations/EpicCharacter_JumpUp_Loop.uasset" 681
"D:/Edge/Edge_TheGame/Content/Assets/LearningKit_Games/Assets/Characters/Character/Animations/EpicCharacter_JumpUp_Loop.uexp" 682
"D:/Edge/Edge_TheGame/Content/Assets/LearningKit_Games/Assets/Characters/Character/Animations/EpicCharacter_JumpUp_End.uasset" 683
"D:/Edge/Edge_TheGame/Content/Assets/LearningKit_Games/Assets/Characters/Character/Animations/EpicCharacter_JumpUp_End.uexp" 684
"D:/Edge/Edge_TheGame/Content/Blueprints/Character/Animation/EdgeAnim_BP.uasset" 685
"D:/Edge/Edge_TheGame/Content/Blueprints/Character/Animation/EdgeAnim_BP.uexp" 686
"D:/Edge/Edge_TheGame/Content/Assets/LearningKit_Games/Assets/Characters/Character/Texture/T_EpicCharacter_Skin_BC.ubulk" 687
"D:/Edge/Edge_TheGame/Content/Assets/LearningKit_Games/Assets/Characters/Character/Texture/T_EpicCharacter_Skin_BC.uasset" 688
"D:/Edge/Edge_TheGame/Content/Assets/LearningKit_Games/Assets/Characters/Character/Texture/T_EpicCharacter_Skin_BC.uexp" 689
"D:/Edge/Edge_TheGame/Content/Assets/LearningKit_Games/Assets/Characters/Character/Texture/T_EpicCharacter_Skin_RGB.ubulk" 690
"D:/Edge/Edge_TheGame/Content/Assets/LearningKit_Games/Assets/Characters/Character/Texture/T_EpicCharacter_Skin_RGB.uasset" 691
"D:/Edge/Edge_TheGame/Content/Assets/LearningKit_Games/Assets/Characters/Character/Texture/T_EpicCharacter_Skin_RGB.uexp" 692
"D:/Edge/Edge_TheGame/Content/Assets/LearningKit_Games/Assets/Characters/Character/Texture/T_EpicCharacter_Backpack_BC.ubulk" 693
"D:/Edge/Edge_TheGame/Content/Assets/LearningKit_Games/Assets/Characters/Character/Texture/T_EpicCharacter_Backpack_BC.uasset" 694
"D:/Edge/Edge_TheGame/Content/Assets/LearningKit_Games/Assets/Characters/Character/Texture/T_EpicCharacter_Backpack_BC.uexp" 695
"D:/Edge/Edge_TheGame/Content/Assets/LearningKit_Games/Assets/Characters/Character/Texture/T_EpicCharacter_Backpack_RGB.ubulk" 696
"D:/Edge/Edge_TheGame/Content/Assets/LearningKit_Games/Assets/Characters/Character/Texture/T_EpicCharacter_Backpack_RGB.uasset" 697
"D:/Edge/Edge_TheGame/Content/Assets/LearningKit_Games/Assets/Characters/Character/Texture/T_EpicCharacter_Backpack_RGB.uexp" 698
"D:/Edge/Edge_TheGame/Content/Assets/LearningKit_Games/Assets/Characters/Character/Texture/T_EpicCharacter_Backpack_ARM.ubulk" 699
"D:/Edge/Edge_TheGame/Content/Assets/LearningKit_Games/Assets/Characters/Character/Texture/T_EpicCharacter_Backpack_ARM.uasset" 700
"D:/Edge/Edge_TheGame/Content/Assets/LearningKit_Games/Assets/Characters/Character/Texture/T_EpicCharacter_Backpack_ARM.uexp" 701
"D:/Edge/Edge_TheGame/Content/Assets/LearningKit_Games/Assets/Characters/Character/Material/MI_epicCharacter_Backpack.uasset" 702
"D:/Edge/Edge_TheGame/Content/Assets/LearningKit_Games/Assets/Characters/Character/Material/MI_epicCharacter_Backpack.uexp" 703
"D:/Edge/Edge_TheGame/Content/Assets/LearningKit_Games/Assets/Characters/Character/Texture/T_EpicCharacter_Skin_ARM.ubulk" 704
"D:/Edge/Edge_TheGame/Content/Assets/LearningKit_Games/Assets/Characters/Character/Texture/T_EpicCharacter_Skin_ARM.uasset" 705
"D:/Edge/Edge_TheGame/Content/Assets/LearningKit_Games/Assets/Characters/Character/Texture/T_EpicCharacter_Skin_ARM.uexp" 706
"D:/Edge/Edge_TheGame/Content/Assets/LearningKit_Games/Assets/Characters/Character/Material/MI_epicCharacter_Skin.uasset" 707
"D:/Edge/Edge_TheGame/Content/Assets/LearningKit_Games/Assets/Characters/Character/Material/MI_epicCharacter_Skin.uexp" 708
"D:/Edge/Edge_TheGame/Content/Assets/LearningKit_Games/Assets/Characters/Character/Texture/T_EpicCharacter_Tunic_E.ubulk" 709
"D:/Edge/Edge_TheGame/Content/Assets/LearningKit_Games/Assets/Characters/Character/Texture/T_EpicCharacter_Tunic_E.uasset" 710
"D:/Edge/Edge_TheGame/Content/Assets/LearningKit_Games/Assets/Characters/Character/Texture/T_EpicCharacter_Tunic_E.uexp" 711
"D:/Edge/Edge_TheGame/Content/Assets/LearningKit_Games/Assets/Characters/Character/Texture/T_EpicCharacter_Tunic_ARM.ubulk" 712
"D:/Edge/Edge_TheGame/Content/Assets/LearningKit_Games/Assets/Characters/Character/Texture/T_EpicCharacter_Tunic_ARM.uasset" 713
"D:/Edge/Edge_TheGame/Content/Assets/LearningKit_Games/Assets/Characters/Character/Texture/T_EpicCharacter_Tunic_ARM.uexp" 714
"D:/Edge/Edge_TheGame/Content/Assets/LearningKit_Games/Assets/Characters/Character/Texture/T_EpicCharacter_Tunic_RGB.ubulk" 715
"D:/Edge/Edge_TheGame/Content/Assets/LearningKit_Games/Assets/Characters/Character/Texture/T_EpicCharacter_Tunic_RGB.uasset" 716
"D:/Edge/Edge_TheGame/Content/Assets/LearningKit_Games/Assets/Characters/Character/Texture/T_EpicCharacter_Tunic_RGB.uexp" 717
"D:/Edge/Edge_TheGame/Content/Assets/LearningKit_Games/Assets/Characters/Character/Texture/T_EpicCharacter_Tunic_BC.ubulk" 718
"D:/Edge/Edge_TheGame/Content/Assets/LearningKit_Games/Assets/Characters/Character/Texture/T_EpicCharacter_Tunic_BC.uasset" 719
"D:/Edge/Edge_TheGame/Content/Assets/LearningKit_Games/Assets/Characters/Character/Texture/T_EpicCharacter_Tunic_BC.uexp" 720
"D:/Edge/Edge_TheGame/Content/Assets/LearningKit_Games/Assets/Characters/Character/Material/MI_epicCharacter_Tunic.uasset" 721
"D:/Edge/Edge_TheGame/Content/Assets/LearningKit_Games/Assets/Characters/Character/Material/MI_epicCharacter_Tunic.uexp" 722
"D:/Edge/Edge_TheGame/Content/Assets/LearningKit_Games/Assets/Characters/Character/Mesh/SK_EpicCharacter_Physics.uasset" 723
"D:/Edge/Edge_TheGame/Content/Assets/LearningKit_Games/Assets/Characters/Character/Mesh/SK_EpicCharacter_Physics.uexp" 724
"D:/Edge/Edge_TheGame/Content/Assets/LearningKit_Games/Assets/Characters/Character/Texture/T_EpicCharacter_SleevesShorts_BC.ubulk" 725
"D:/Edge/Edge_TheGame/Content/Assets/LearningKit_Games/Assets/Characters/Character/Texture/T_EpicCharacter_SleevesShorts_BC.uasset" 726
"D:/Edge/Edge_TheGame/Content/Assets/LearningKit_Games/Assets/Characters/Character/Texture/T_EpicCharacter_SleevesShorts_BC.uexp" 727
"D:/Edge/Edge_TheGame/Content/Assets/LearningKit_Games/Assets/Characters/Character/Texture/T_EpicCharacter_SleevesShorts_ARM.ubulk" 728
"D:/Edge/Edge_TheGame/Content/Assets/LearningKit_Games/Assets/Characters/Character/Texture/T_EpicCharacter_SleevesShorts_ARM.uasset" 729
"D:/Edge/Edge_TheGame/Content/Assets/LearningKit_Games/Assets/Characters/Character/Texture/T_EpicCharacter_SleevesShorts_ARM.uexp" 730
"D:/Edge/Edge_TheGame/Content/Assets/LearningKit_Games/Assets/Characters/Character/Texture/T_EpicCharacter_SleevesShorts_RGB.ubulk" 731
"D:/Edge/Edge_TheGame/Content/Assets/LearningKit_Games/Assets/Characters/Character/Texture/T_EpicCharacter_SleevesShorts_RGB.uasset" 732
"D:/Edge/Edge_TheGame/Content/Assets/LearningKit_Games/Assets/Characters/Character/Texture/T_EpicCharacter_SleevesShorts_RGB.uexp" 733
"D:/Edge/Edge_TheGame/Content/Assets/LearningKit_Games/Assets/Characters/Character/Material/MI_epicCharacter_SleevesShorts.uasset" 734
"D:/Edge/Edge_TheGame/Content/Assets/LearningKit_Games/Assets/Characters/Character/Material/MI_epicCharacter_SleevesShorts.uexp" 735
"D:/Edge/Edge_TheGame/Content/Assets/LearningKit_Games/Assets/Characters/Character/Texture/T_EpicCharacter_Hood_RGB.ubulk" 736
"D:/Edge/Edge_TheGame/Content/Assets/LearningKit_Games/Assets/Characters/Character/Texture/T_EpicCharacter_Hood_RGB.uasset" 737
"D:/Edge/Edge_TheGame/Content/Assets/LearningKit_Games/Assets/Characters/Character/Texture/T_EpicCharacter_Hood_RGB.uexp" 738
"D:/Edge/Edge_TheGame/Content/Assets/LearningKit_Games/Assets/Characters/Character/Texture/T_EpicCharacter_Hood_ARM.ubulk" 739
"D:/Edge/Edge_TheGame/Content/Assets/LearningKit_Games/Assets/Characters/Character/Texture/T_EpicCharacter_Hood_ARM.uasset" 740
"D:/Edge/Edge_TheGame/Content/Assets/LearningKit_Games/Assets/Characters/Character/Texture/T_EpicCharacter_Hood_ARM.uexp" 741
"D:/Edge/Edge_TheGame/Content/Assets/LearningKit_Games/Assets/Characters/Character/Texture/T_EpicCharacter_Hood_BC.ubulk" 742
"D:/Edge/Edge_TheGame/Content/Assets/LearningKit_Games/Assets/Characters/Character/Texture/T_EpicCharacter_Hood_BC.uasset" 743
"D:/Edge/Edge_TheGame/Content/Assets/LearningKit_Games/Assets/Characters/Character/Texture/T_EpicCharacter_Hood_BC.uexp" 744
"D:/Edge/Edge_TheGame/Content/Assets/LearningKit_Games/Assets/Characters/Character/Material/MI_epicCharacter_Hood.uasset" 745
"D:/Edge/Edge_TheGame/Content/Assets/LearningKit_Games/Assets/Characters/Character/Material/MI_epicCharacter_Hood.uexp" 746
"D:/Edge/Edge_TheGame/Content/Assets/LearningKit_Games/Assets/Characters/Character/Texture/T_EpicCharacter_Bedroll_ARM.ubulk" 747
"D:/Edge/Edge_TheGame/Content/Assets/LearningKit_Games/Assets/Characters/Character/Texture/T_EpicCharacter_Bedroll_ARM.uasset" 748
"D:/Edge/Edge_TheGame/Content/Assets/LearningKit_Games/Assets/Characters/Character/Texture/T_EpicCharacter_Bedroll_ARM.uexp" 749
"D:/Edge/Edge_TheGame/Content/Assets/LearningKit_Games/Assets/Characters/Character/Texture/T_EpicCharacter_Bedroll_BC.ubulk" 750
"D:/Edge/Edge_TheGame/Content/Assets/LearningKit_Games/Assets/Characters/Character/Texture/T_EpicCharacter_Bedroll_BC.uasset" 751
"D:/Edge/Edge_TheGame/Content/Assets/LearningKit_Games/Assets/Characters/Character/Texture/T_EpicCharacter_Bedroll_BC.uexp" 752
"D:/Edge/Edge_TheGame/Content/Assets/LearningKit_Games/Assets/Characters/Character/Texture/T_EpicCharacter_Bedroll_RGB.ubulk" 753
"D:/Edge/Edge_TheGame/Content/Assets/LearningKit_Games/Assets/Characters/Character/Texture/T_EpicCharacter_Bedroll_RGB.uasset" 754
"D:/Edge/Edge_TheGame/Content/Assets/LearningKit_Games/Assets/Characters/Character/Texture/T_EpicCharacter_Bedroll_RGB.uexp" 755
"D:/Edge/Edge_TheGame/Content/Assets/LearningKit_Games/Assets/Characters/Character/Material/MI_epicCharacter_BedRoll.uasset" 756
"D:/Edge/Edge_TheGame/Content/Assets/LearningKit_Games/Assets/Characters/Character/Material/MI_epicCharacter_BedRoll.uexp" 757
"D:/Edge/Edge_TheGame/Content/Assets/LearningKit_Games/Assets/Characters/Character/Texture/T_EpicCharacter_Boots_RGB.ubulk" 758
"D:/Edge/Edge_TheGame/Content/Assets/LearningKit_Games/Assets/Characters/Character/Texture/T_EpicCharacter_Boots_RGB.uasset" 759
"D:/Edge/Edge_TheGame/Content/Assets/LearningKit_Games/Assets/Characters/Character/Texture/T_EpicCharacter_Boots_RGB.uexp" 760
"D:/Edge/Edge_TheGame/Content/Assets/LearningKit_Games/Assets/Characters/Character/Texture/T_EpicCharacter_Boots_ARM.ubulk" 761
"D:/Edge/Edge_TheGame/Content/Assets/LearningKit_Games/Assets/Characters/Character/Texture/T_EpicCharacter_Boots_ARM.uasset" 762
"D:/Edge/Edge_TheGame/Content/Assets/LearningKit_Games/Assets/Characters/Character/Texture/T_EpicCharacter_Boots_ARM.uexp" 763
"D:/Edge/Edge_TheGame/Content/Assets/LearningKit_Games/Assets/Characters/Character/Texture/T_EpicCharacter_Boots_BC.ubulk" 764
"D:/Edge/Edge_TheGame/Content/Assets/LearningKit_Games/Assets/Characters/Character/Texture/T_EpicCharacter_Boots_BC.uasset" 765
"D:/Edge/Edge_TheGame/Content/Assets/LearningKit_Games/Assets/Characters/Character/Texture/T_EpicCharacter_Boots_BC.uexp" 766
"D:/Edge/Edge_TheGame/Content/Assets/LearningKit_Games/Assets/Characters/Character/Material/MI_epicCharacter_Boots.uasset" 767
"D:/Edge/Edge_TheGame/Content/Assets/LearningKit_Games/Assets/Characters/Character/Material/MI_epicCharacter_Boots.uexp" 768
"D:/Edge/Edge_TheGame/Content/Assets/LearningKit_Games/Assets/Characters/Character/Texture/T_EpicCharacter_Head_RGB.ubulk" 769
"D:/Edge/Edge_TheGame/Content/Assets/LearningKit_Games/Assets/Characters/Character/Texture/T_EpicCharacter_Head_RGB.uasset" 770
"D:/Edge/Edge_TheGame/Content/Assets/LearningKit_Games/Assets/Characters/Character/Texture/T_EpicCharacter_Head_RGB.uexp" 771
"D:/Edge/Edge_TheGame/Content/Assets/LearningKit_Games/Assets/Characters/Character/Texture/T_EpicCharacter_Head_ARM.ubulk" 772
"D:/Edge/Edge_TheGame/Content/Assets/LearningKit_Games/Assets/Characters/Character/Texture/T_EpicCharacter_Head_ARM.uasset" 773
"D:/Edge/Edge_TheGame/Content/Assets/LearningKit_Games/Assets/Characters/Character/Texture/T_EpicCharacter_Head_ARM.uexp" 774
"D:/Edge/Edge_TheGame/Content/Assets/LearningKit_Games/Assets/Characters/Character/Texture/T_EpicCharacter_Head_BC.ubulk" 775
"D:/Edge/Edge_TheGame/Content/Assets/LearningKit_Games/Assets/Characters/Character/Texture/T_EpicCharacter_Head_BC.uasset" 776
"D:/Edge/Edge_TheGame/Content/Assets/LearningKit_Games/Assets/Characters/Character/Texture/T_EpicCharacter_Head_BC.uexp" 777
"D:/Edge/Edge_TheGame/Content/Assets/LearningKit_Games/Assets/Characters/Character/Texture/T_EpicCharacter_Head_E.ubulk" 778
"D:/Edge/Edge_TheGame/Content/Assets/LearningKit_Games/Assets/Characters/Character/Texture/T_EpicCharacter_Head_E.uasset" 779
"D:/Edge/Edge_TheGame/Content/Assets/LearningKit_Games/Assets/Characters/Character/Texture/T_EpicCharacter_Head_E.uexp" 780
"D:/Edge/Edge_TheGame/Content/Assets/LearningKit_Games/Assets/Characters/Character/Material/MI_epicCharacter_Head.uasset" 781
"D:/Edge/Edge_TheGame/Content/Assets/LearningKit_Games/Assets/Characters/Character/Material/MI_epicCharacter_Head.uexp" 782
"D:/Edge/Edge_TheGame/Content/Assets/LearningKit_Games/Assets/Characters/Character/Mesh/SK_EpicCharacter.uasset" 783
"D:/Edge/Edge_TheGame/Content/Assets/LearningKit_Games/Assets/Characters/Character/Mesh/SK_EpicCharacter.uexp" 784
"D:/Edge/Edge_TheGame/Content/Blueprints/Character/BP_EdgeCharacter.uasset" 785
"D:/Edge/Edge_TheGame/Content/Blueprints/Character/BP_EdgeCharacter.uexp" 786
"D:/Edge/Edge_TheGame/Content/Blueprints/GameModes/BP_LobbyGameMode.uasset" 787
"D:/Edge/Edge_TheGame/Content/Blueprints/GameModes/BP_LobbyGameMode.uexp" 788
"D:/Edge/Edge_TheGame/Content/Maps/Lobby.uexp" 789
"D:/Edge/Edge_TheGame/Content/Maps/Lobby.umap" 790
"../../../Engine/Content/BasicShapes/Sphere.ubulk" 791
"../../../Engine/Content/BasicShapes/Sphere.uasset" 792
"../../../Engine/Content/BasicShapes/Sphere.uexp" 793
"D:/Edge/Edge_TheGame/Content/Blueprints/GameModes/BP_Level_1_GameMode.uasset" 794
"D:/Edge/Edge_TheGame/Content/Blueprints/GameModes/BP_Level_1_GameMode.uexp" 795
"D:/Edge/Edge_TheGame/Content/Materials/Green.uasset" 796
"D:/Edge/Edge_TheGame/Content/Materials/Green.uexp" 797
"D:/Edge/Edge_TheGame/Content/Maps/Level_1.uexp" 798
"D:/Edge/Edge_TheGame/Content/Maps/Level_1.umap" 799
"D:/Edge/Edge_TheGame/Plugins/MultiplayerSessions/Content/WBP_Menu.uasset" 800
"D:/Edge/Edge_TheGame/Plugins/MultiplayerSessions/Content/WBP_Menu.uexp" 801
"D:/Edge/Edge_TheGame/Content/Maps/GameStartUpMap_HLOD0_Instancing.uasset" 802
"D:/Edge/Edge_TheGame/Content/Maps/GameStartUpMap_HLOD0_Instancing.uexp" 803
"D:/Edge/Edge_TheGame/Content/Maps/GameStartUpMap.uexp" 804
"D:/Edge/Edge_TheGame/Content/Maps/GameStartUpMap.ubulk" 805
"D:/Edge/Edge_TheGame/Content/Maps/GameStartUpMap.umap" 806
"../../../Engine/Content/Maps/Entry_BuiltData.uasset" 807
"../../../Engine/Content/Maps/Entry_BuiltData.uexp" 808
"../../../Engine/Content/Maps/Entry.uexp" 809
"../../../Engine/Content/Maps/Entry.umap" 810
"D:/Edge/Edge_TheGame/Content/Maps/GameStartUpMap/_Generated_/GameStartUpMap_MainGrid_L0_X0_Y-4.uexp" 811
"D:/Edge/Edge_TheGame/Content/Maps/GameStartUpMap/_Generated_/GameStartUpMap_MainGrid_L0_X0_Y-4.ubulk" 812
"D:/Edge/Edge_TheGame/Content/Maps/GameStartUpMap/_Generated_/GameStartUpMap_MainGrid_L0_X0_Y-4.umap" 813
"D:/Edge/Edge_TheGame/Content/Maps/GameStartUpMap/_Generated_/GameStartUpMap_MainGrid_L0_X3_Y1.uexp" 814
"D:/Edge/Edge_TheGame/Content/Maps/GameStartUpMap/_Generated_/GameStartUpMap_MainGrid_L0_X3_Y1.ubulk" 815
"D:/Edge/Edge_TheGame/Content/Maps/GameStartUpMap/_Generated_/GameStartUpMap_MainGrid_L0_X3_Y1.umap" 816
"D:/Edge/Edge_TheGame/Content/Maps/GameStartUpMap/_Generated_/GameStartUpMap_MainGrid_L0_X2_Y-2.uexp" 817
"D:/Edge/Edge_TheGame/Content/Maps/GameStartUpMap/_Generated_/GameStartUpMap_MainGrid_L0_X2_Y-2.ubulk" 818
"D:/Edge/Edge_TheGame/Content/Maps/GameStartUpMap/_Generated_/GameStartUpMap_MainGrid_L0_X2_Y-2.umap" 819
"D:/Edge/Edge_TheGame/Content/Maps/GameStartUpMap/_Generated_/GameStartUpMap_MainGrid_L0_X-4_Y3.uexp" 820
"D:/Edge/Edge_TheGame/Content/Maps/GameStartUpMap/_Generated_/GameStartUpMap_MainGrid_L0_X-4_Y3.ubulk" 821
"D:/Edge/Edge_TheGame/Content/Maps/GameStartUpMap/_Generated_/GameStartUpMap_MainGrid_L0_X-4_Y3.umap" 822
"D:/Edge/Edge_TheGame/Content/Maps/GameStartUpMap/_Generated_/GameStartUpMap_MainGrid_L0_X-2_Y1.uexp" 823
"D:/Edge/Edge_TheGame/Content/Maps/GameStartUpMap/_Generated_/GameStartUpMap_MainGrid_L0_X-2_Y1.ubulk" 824
"D:/Edge/Edge_TheGame/Content/Maps/GameStartUpMap/_Generated_/GameStartUpMap_MainGrid_L0_X-2_Y1.umap" 825
"D:/Edge/Edge_TheGame/Content/Maps/GameStartUpMap/_Generated_/GameStartUpMap_MainGrid_L0_X2_Y1.uexp" 826
"D:/Edge/Edge_TheGame/Content/Maps/GameStartUpMap/_Generated_/GameStartUpMap_MainGrid_L0_X2_Y1.ubulk" 827
"D:/Edge/Edge_TheGame/Content/Maps/GameStartUpMap/_Generated_/GameStartUpMap_MainGrid_L0_X2_Y1.umap" 828
"D:/Edge/Edge_TheGame/Content/Maps/GameStartUpMap/_Generated_/GameStartUpMap_MainGrid_L0_X1_Y2.uexp" 829
"D:/Edge/Edge_TheGame/Content/Maps/GameStartUpMap/_Generated_/GameStartUpMap_MainGrid_L0_X1_Y2.ubulk" 830
"D:/Edge/Edge_TheGame/Content/Maps/GameStartUpMap/_Generated_/GameStartUpMap_MainGrid_L0_X1_Y2.umap" 831
"D:/Edge/Edge_TheGame/Content/Maps/GameStartUpMap/_Generated_/GameStartUpMap_MainGrid_L0_X-3_Y2.uexp" 832
"D:/Edge/Edge_TheGame/Content/Maps/GameStartUpMap/_Generated_/GameStartUpMap_MainGrid_L0_X-3_Y2.ubulk" 833
"D:/Edge/Edge_TheGame/Content/Maps/GameStartUpMap/_Generated_/GameStartUpMap_MainGrid_L0_X-3_Y2.umap" 834
"D:/Edge/Edge_TheGame/Content/Maps/GameStartUpMap/_Generated_/GameStartUpMap_MainGrid_L0_X-2_Y-3.uexp" 835
"D:/Edge/Edge_TheGame/Content/Maps/GameStartUpMap/_Generated_/GameStartUpMap_MainGrid_L0_X-2_Y-3.ubulk" 836
"D:/Edge/Edge_TheGame/Content/Maps/GameStartUpMap/_Generated_/GameStartUpMap_MainGrid_L0_X-2_Y-3.umap" 837
"D:/Edge/Edge_TheGame/Content/Maps/GameStartUpMap/_Generated_/GameStartUpMap_MainGrid_L0_X-4_Y-1.uexp" 838
"D:/Edge/Edge_TheGame/Content/Maps/GameStartUpMap/_Generated_/GameStartUpMap_MainGrid_L0_X-4_Y-1.ubulk" 839
"D:/Edge/Edge_TheGame/Content/Maps/GameStartUpMap/_Generated_/GameStartUpMap_MainGrid_L0_X-4_Y-1.umap" 840
"D:/Edge/Edge_TheGame/Content/Maps/GameStartUpMap/_Generated_/GameStartUpMap_MainGrid_L0_X-4_Y1.uexp" 841
"D:/Edge/Edge_TheGame/Content/Maps/GameStartUpMap/_Generated_/GameStartUpMap_MainGrid_L0_X-4_Y1.ubulk" 842
"D:/Edge/Edge_TheGame/Content/Maps/GameStartUpMap/_Generated_/GameStartUpMap_MainGrid_L0_X-4_Y1.umap" 843
"D:/Edge/Edge_TheGame/Content/Maps/GameStartUpMap/_Generated_/GameStartUpMap_MainGrid_L0_X1_Y-2.uexp" 844
"D:/Edge/Edge_TheGame/Content/Maps/GameStartUpMap/_Generated_/GameStartUpMap_MainGrid_L0_X1_Y-2.ubulk" 845
"D:/Edge/Edge_TheGame/Content/Maps/GameStartUpMap/_Generated_/GameStartUpMap_MainGrid_L0_X1_Y-2.umap" 846
"D:/Edge/Edge_TheGame/Content/Maps/GameStartUpMap/_Generated_/GameStartUpMap_MainGrid_L0_X0_Y-3.uexp" 847
"D:/Edge/Edge_TheGame/Content/Maps/GameStartUpMap/_Generated_/GameStartUpMap_MainGrid_L0_X0_Y-3.ubulk" 848
"D:/Edge/Edge_TheGame/Content/Maps/GameStartUpMap/_Generated_/GameStartUpMap_MainGrid_L0_X0_Y-3.umap" 849
"D:/Edge/Edge_TheGame/Content/Maps/GameStartUpMap/_Generated_/GameStartUpMap_MainGrid_L0_X2_Y-3.uexp" 850
"D:/Edge/Edge_TheGame/Content/Maps/GameStartUpMap/_Generated_/GameStartUpMap_MainGrid_L0_X2_Y-3.ubulk" 851
"D:/Edge/Edge_TheGame/Content/Maps/GameStartUpMap/_Generated_/GameStartUpMap_MainGrid_L0_X2_Y-3.umap" 852
"D:/Edge/Edge_TheGame/Content/Maps/GameStartUpMap/_Generated_/GameStartUpMap_MainGrid_L0_X0_Y0.uexp" 853
"D:/Edge/Edge_TheGame/Content/Maps/GameStartUpMap/_Generated_/GameStartUpMap_MainGrid_L0_X0_Y0.ubulk" 854
"D:/Edge/Edge_TheGame/Content/Maps/GameStartUpMap/_Generated_/GameStartUpMap_MainGrid_L0_X0_Y0.umap" 855
"D:/Edge/Edge_TheGame/Content/Maps/GameStartUpMap/_Generated_/GameStartUpMap_MainGrid_L0_X3_Y-1.uexp" 856
"D:/Edge/Edge_TheGame/Content/Maps/GameStartUpMap/_Generated_/GameStartUpMap_MainGrid_L0_X3_Y-1.ubulk" 857
"D:/Edge/Edge_TheGame/Content/Maps/GameStartUpMap/_Generated_/GameStartUpMap_MainGrid_L0_X3_Y-1.umap" 858
"D:/Edge/Edge_TheGame/Content/Maps/GameStartUpMap/_Generated_/GameStartUpMap_MainGrid_L0_X1_Y0.uexp" 859
"D:/Edge/Edge_TheGame/Content/Maps/GameStartUpMap/_Generated_/GameStartUpMap_MainGrid_L0_X1_Y0.ubulk" 860
"D:/Edge/Edge_TheGame/Content/Maps/GameStartUpMap/_Generated_/GameStartUpMap_MainGrid_L0_X1_Y0.umap" 861
"D:/Edge/Edge_TheGame/Content/Maps/GameStartUpMap/_Generated_/GameStartUpMap_MainGrid_L0_X1_Y3.uexp" 862
"D:/Edge/Edge_TheGame/Content/Maps/GameStartUpMap/_Generated_/GameStartUpMap_MainGrid_L0_X1_Y3.ubulk" 863
"D:/Edge/Edge_TheGame/Content/Maps/GameStartUpMap/_Generated_/GameStartUpMap_MainGrid_L0_X1_Y3.umap" 864
"D:/Edge/Edge_TheGame/Content/Maps/GameStartUpMap/_Generated_/GameStartUpMap_MainGrid_L0_X-1_Y-1.uexp" 865
"D:/Edge/Edge_TheGame/Content/Maps/GameStartUpMap/_Generated_/GameStartUpMap_MainGrid_L0_X-1_Y-1.ubulk" 866
"D:/Edge/Edge_TheGame/Content/Maps/GameStartUpMap/_Generated_/GameStartUpMap_MainGrid_L0_X-1_Y-1.umap" 867
"D:/Edge/Edge_TheGame/Content/Maps/GameStartUpMap/_Generated_/GameStartUpMap_MainGrid_L0_X-4_Y-4.uexp" 868
"D:/Edge/Edge_TheGame/Content/Maps/GameStartUpMap/_Generated_/GameStartUpMap_MainGrid_L0_X-4_Y-4.ubulk" 869
"D:/Edge/Edge_TheGame/Content/Maps/GameStartUpMap/_Generated_/GameStartUpMap_MainGrid_L0_X-4_Y-4.umap" 870
"D:/Edge/Edge_TheGame/Content/Maps/GameStartUpMap/_Generated_/GameStartUpMap_MainGrid_L0_X-4_Y0.uexp" 871
"D:/Edge/Edge_TheGame/Content/Maps/GameStartUpMap/_Generated_/GameStartUpMap_MainGrid_L0_X-4_Y0.ubulk" 872
"D:/Edge/Edge_TheGame/Content/Maps/GameStartUpMap/_Generated_/GameStartUpMap_MainGrid_L0_X-4_Y0.umap" 873
"D:/Edge/Edge_TheGame/Content/Maps/GameStartUpMap/_Generated_/GameStartUpMap_MainGrid_L0_X1_Y1.uexp" 874
"D:/Edge/Edge_TheGame/Content/Maps/GameStartUpMap/_Generated_/GameStartUpMap_MainGrid_L0_X1_Y1.ubulk" 875
"D:/Edge/Edge_TheGame/Content/Maps/GameStartUpMap/_Generated_/GameStartUpMap_MainGrid_L0_X1_Y1.umap" 876
"D:/Edge/Edge_TheGame/Content/Maps/GameStartUpMap/_Generated_/GameStartUpMap_MainGrid_L0_X-1_Y1.uexp" 877
"D:/Edge/Edge_TheGame/Content/Maps/GameStartUpMap/_Generated_/GameStartUpMap_MainGrid_L0_X-1_Y1.ubulk" 878
"D:/Edge/Edge_TheGame/Content/Maps/GameStartUpMap/_Generated_/GameStartUpMap_MainGrid_L0_X-1_Y1.umap" 879
"D:/Edge/Edge_TheGame/Content/Maps/GameStartUpMap/_Generated_/GameStartUpMap_MainGrid_L0_X2_Y3.uexp" 880
"D:/Edge/Edge_TheGame/Content/Maps/GameStartUpMap/_Generated_/GameStartUpMap_MainGrid_L0_X2_Y3.ubulk" 881
"D:/Edge/Edge_TheGame/Content/Maps/GameStartUpMap/_Generated_/GameStartUpMap_MainGrid_L0_X2_Y3.umap" 882
"D:/Edge/Edge_TheGame/Content/Maps/GameStartUpMap/_Generated_/GameStartUpMap_MainGrid_L0_X3_Y-4.uexp" 883
"D:/Edge/Edge_TheGame/Content/Maps/GameStartUpMap/_Generated_/GameStartUpMap_MainGrid_L0_X3_Y-4.ubulk" 884
"D:/Edge/Edge_TheGame/Content/Maps/GameStartUpMap/_Generated_/GameStartUpMap_MainGrid_L0_X3_Y-4.umap" 885
"D:/Edge/Edge_TheGame/Content/Maps/GameStartUpMap/_Generated_/GameStartUpMap_MainGrid_L0_X-4_Y-2.uexp" 886
"D:/Edge/Edge_TheGame/Content/Maps/GameStartUpMap/_Generated_/GameStartUpMap_MainGrid_L0_X-4_Y-2.ubulk" 887
"D:/Edge/Edge_TheGame/Content/Maps/GameStartUpMap/_Generated_/GameStartUpMap_MainGrid_L0_X-4_Y-2.umap" 888
"D:/Edge/Edge_TheGame/Content/Maps/GameStartUpMap/_Generated_/GameStartUpMap_MainGrid_L0_X2_Y-4.uexp" 889
"D:/Edge/Edge_TheGame/Content/Maps/GameStartUpMap/_Generated_/GameStartUpMap_MainGrid_L0_X2_Y-4.ubulk" 890
"D:/Edge/Edge_TheGame/Content/Maps/GameStartUpMap/_Generated_/GameStartUpMap_MainGrid_L0_X2_Y-4.umap" 891
"D:/Edge/Edge_TheGame/Content/Maps/GameStartUpMap/_Generated_/GameStartUpMap_MainGrid_L0_X3_Y2.uexp" 892
"D:/Edge/Edge_TheGame/Content/Maps/GameStartUpMap/_Generated_/GameStartUpMap_MainGrid_L0_X3_Y2.ubulk" 893
"D:/Edge/Edge_TheGame/Content/Maps/GameStartUpMap/_Generated_/GameStartUpMap_MainGrid_L0_X3_Y2.umap" 894
"D:/Edge/Edge_TheGame/Content/Maps/GameStartUpMap/_Generated_/GameStartUpMap_MainGrid_L0_X-2_Y0.uexp" 895
"D:/Edge/Edge_TheGame/Content/Maps/GameStartUpMap/_Generated_/GameStartUpMap_MainGrid_L0_X-2_Y0.ubulk" 896
"D:/Edge/Edge_TheGame/Content/Maps/GameStartUpMap/_Generated_/GameStartUpMap_MainGrid_L0_X-2_Y0.umap" 897
"D:/Edge/Edge_TheGame/Content/Maps/GameStartUpMap/_Generated_/GameStartUpMap_MainGrid_L0_X-3_Y-4.uexp" 898
"D:/Edge/Edge_TheGame/Content/Maps/GameStartUpMap/_Generated_/GameStartUpMap_MainGrid_L0_X-3_Y-4.ubulk" 899
"D:/Edge/Edge_TheGame/Content/Maps/GameStartUpMap/_Generated_/GameStartUpMap_MainGrid_L0_X-3_Y-4.umap" 900
"D:/Edge/Edge_TheGame/Content/Maps/GameStartUpMap/_Generated_/GameStartUpMap_MainGrid_L0_X1_Y-4.uexp" 901
"D:/Edge/Edge_TheGame/Content/Maps/GameStartUpMap/_Generated_/GameStartUpMap_MainGrid_L0_X1_Y-4.ubulk" 902
"D:/Edge/Edge_TheGame/Content/Maps/GameStartUpMap/_Generated_/GameStartUpMap_MainGrid_L0_X1_Y-4.umap" 903
"D:/Edge/Edge_TheGame/Content/Maps/GameStartUpMap/_Generated_/GameStartUpMap_MainGrid_L0_X-1_Y-4.uexp" 904
"D:/Edge/Edge_TheGame/Content/Maps/GameStartUpMap/_Generated_/GameStartUpMap_MainGrid_L0_X-1_Y-4.ubulk" 905
"D:/Edge/Edge_TheGame/Content/Maps/GameStartUpMap/_Generated_/GameStartUpMap_MainGrid_L0_X-1_Y-4.umap" 906
"D:/Edge/Edge_TheGame/Content/Maps/GameStartUpMap/_Generated_/GameStartUpMap_MainGrid_L0_X-3_Y-2.uexp" 907
"D:/Edge/Edge_TheGame/Content/Maps/GameStartUpMap/_Generated_/GameStartUpMap_MainGrid_L0_X-3_Y-2.ubulk" 908
"D:/Edge/Edge_TheGame/Content/Maps/GameStartUpMap/_Generated_/GameStartUpMap_MainGrid_L0_X-3_Y-2.umap" 909
"D:/Edge/Edge_TheGame/Content/Maps/GameStartUpMap/_Generated_/GameStartUpMap_MainGrid_L0_X3_Y-3.uexp" 910
"D:/Edge/Edge_TheGame/Content/Maps/GameStartUpMap/_Generated_/GameStartUpMap_MainGrid_L0_X3_Y-3.ubulk" 911
"D:/Edge/Edge_TheGame/Content/Maps/GameStartUpMap/_Generated_/GameStartUpMap_MainGrid_L0_X3_Y-3.umap" 912
"D:/Edge/Edge_TheGame/Content/Maps/GameStartUpMap/_Generated_/GameStartUpMap_MainGrid_L0_X2_Y0.uexp" 913
"D:/Edge/Edge_TheGame/Content/Maps/GameStartUpMap/_Generated_/GameStartUpMap_MainGrid_L0_X2_Y0.ubulk" 914
"D:/Edge/Edge_TheGame/Content/Maps/GameStartUpMap/_Generated_/GameStartUpMap_MainGrid_L0_X2_Y0.umap" 915
"D:/Edge/Edge_TheGame/Content/Maps/GameStartUpMap/_Generated_/GameStartUpMap_MainGrid_L0_X-1_Y2.uexp" 916
"D:/Edge/Edge_TheGame/Content/Maps/GameStartUpMap/_Generated_/GameStartUpMap_MainGrid_L0_X-1_Y2.ubulk" 917
"D:/Edge/Edge_TheGame/Content/Maps/GameStartUpMap/_Generated_/GameStartUpMap_MainGrid_L0_X-1_Y2.umap" 918
"D:/Edge/Edge_TheGame/Content/Maps/GameStartUpMap/_Generated_/GameStartUpMap_MainGrid_L0_X1_Y-3.uexp" 919
"D:/Edge/Edge_TheGame/Content/Maps/GameStartUpMap/_Generated_/GameStartUpMap_MainGrid_L0_X1_Y-3.ubulk" 920
"D:/Edge/Edge_TheGame/Content/Maps/GameStartUpMap/_Generated_/GameStartUpMap_MainGrid_L0_X1_Y-3.umap" 921
"D:/Edge/Edge_TheGame/Content/Maps/GameStartUpMap/_Generated_/GameStartUpMap_MainGrid_L0_X-3_Y-1.uexp" 922
"D:/Edge/Edge_TheGame/Content/Maps/GameStartUpMap/_Generated_/GameStartUpMap_MainGrid_L0_X-3_Y-1.ubulk" 923
"D:/Edge/Edge_TheGame/Content/Maps/GameStartUpMap/_Generated_/GameStartUpMap_MainGrid_L0_X-3_Y-1.umap" 924
"D:/Edge/Edge_TheGame/Content/Maps/GameStartUpMap/_Generated_/GameStartUpMap_MainGrid_L0_X-3_Y3.uexp" 925
"D:/Edge/Edge_TheGame/Content/Maps/GameStartUpMap/_Generated_/GameStartUpMap_MainGrid_L0_X-3_Y3.ubulk" 926
"D:/Edge/Edge_TheGame/Content/Maps/GameStartUpMap/_Generated_/GameStartUpMap_MainGrid_L0_X-3_Y3.umap" 927
"D:/Edge/Edge_TheGame/Content/Maps/GameStartUpMap/_Generated_/GameStartUpMap_MainGrid_L0_X0_Y2.uexp" 928
"D:/Edge/Edge_TheGame/Content/Maps/GameStartUpMap/_Generated_/GameStartUpMap_MainGrid_L0_X0_Y2.ubulk" 929
"D:/Edge/Edge_TheGame/Content/Maps/GameStartUpMap/_Generated_/GameStartUpMap_MainGrid_L0_X0_Y2.umap" 930
"D:/Edge/Edge_TheGame/Content/Maps/GameStartUpMap/_Generated_/GameStartUpMap_MainGrid_L0_X3_Y3.uexp" 931
"D:/Edge/Edge_TheGame/Content/Maps/GameStartUpMap/_Generated_/GameStartUpMap_MainGrid_L0_X3_Y3.ubulk" 932
"D:/Edge/Edge_TheGame/Content/Maps/GameStartUpMap/_Generated_/GameStartUpMap_MainGrid_L0_X3_Y3.umap" 933
"D:/Edge/Edge_TheGame/Content/Maps/GameStartUpMap/_Generated_/GameStartUpMap_MainGrid_L0_X-2_Y3.uexp" 934
"D:/Edge/Edge_TheGame/Content/Maps/GameStartUpMap/_Generated_/GameStartUpMap_MainGrid_L0_X-2_Y3.ubulk" 935
"D:/Edge/Edge_TheGame/Content/Maps/GameStartUpMap/_Generated_/GameStartUpMap_MainGrid_L0_X-2_Y3.umap" 936
"D:/Edge/Edge_TheGame/Content/Maps/GameStartUpMap/_Generated_/GameStartUpMap_MainGrid_L0_X2_Y-1.uexp" 937
"D:/Edge/Edge_TheGame/Content/Maps/GameStartUpMap/_Generated_/GameStartUpMap_MainGrid_L0_X2_Y-1.ubulk" 938
"D:/Edge/Edge_TheGame/Content/Maps/GameStartUpMap/_Generated_/GameStartUpMap_MainGrid_L0_X2_Y-1.umap" 939
"D:/Edge/Edge_TheGame/Content/Maps/GameStartUpMap/_Generated_/GameStartUpMap_MainGrid_L0_X-3_Y1.uexp" 940
"D:/Edge/Edge_TheGame/Content/Maps/GameStartUpMap/_Generated_/GameStartUpMap_MainGrid_L0_X-3_Y1.ubulk" 941
"D:/Edge/Edge_TheGame/Content/Maps/GameStartUpMap/_Generated_/GameStartUpMap_MainGrid_L0_X-3_Y1.umap" 942
"D:/Edge/Edge_TheGame/Content/Maps/GameStartUpMap/_Generated_/GameStartUpMap_MainGrid_L0_X-1_Y3.uexp" 943
"D:/Edge/Edge_TheGame/Content/Maps/GameStartUpMap/_Generated_/GameStartUpMap_MainGrid_L0_X-1_Y3.ubulk" 944
"D:/Edge/Edge_TheGame/Content/Maps/GameStartUpMap/_Generated_/GameStartUpMap_MainGrid_L0_X-1_Y3.umap" 945
"D:/Edge/Edge_TheGame/Content/Maps/GameStartUpMap/_Generated_/GameStartUpMap_MainGrid_L0_X3_Y-2.uexp" 946
"D:/Edge/Edge_TheGame/Content/Maps/GameStartUpMap/_Generated_/GameStartUpMap_MainGrid_L0_X3_Y-2.ubulk" 947
"D:/Edge/Edge_TheGame/Content/Maps/GameStartUpMap/_Generated_/GameStartUpMap_MainGrid_L0_X3_Y-2.umap" 948
"D:/Edge/Edge_TheGame/Content/Maps/GameStartUpMap/_Generated_/GameStartUpMap_MainGrid_L0_X-1_Y-3.uexp" 949
"D:/Edge/Edge_TheGame/Content/Maps/GameStartUpMap/_Generated_/GameStartUpMap_MainGrid_L0_X-1_Y-3.ubulk" 950
"D:/Edge/Edge_TheGame/Content/Maps/GameStartUpMap/_Generated_/GameStartUpMap_MainGrid_L0_X-1_Y-3.umap" 951
"D:/Edge/Edge_TheGame/Content/Maps/GameStartUpMap/_Generated_/GameStartUpMap_MainGrid_L0_X0_Y1.uexp" 952
"D:/Edge/Edge_TheGame/Content/Maps/GameStartUpMap/_Generated_/GameStartUpMap_MainGrid_L0_X0_Y1.ubulk" 953
"D:/Edge/Edge_TheGame/Content/Maps/GameStartUpMap/_Generated_/GameStartUpMap_MainGrid_L0_X0_Y1.umap" 954
"D:/Edge/Edge_TheGame/Content/Maps/GameStartUpMap/_Generated_/GameStartUpMap_MainGrid_L0_X2_Y2.uexp" 955
"D:/Edge/Edge_TheGame/Content/Maps/GameStartUpMap/_Generated_/GameStartUpMap_MainGrid_L0_X2_Y2.ubulk" 956
"D:/Edge/Edge_TheGame/Content/Maps/GameStartUpMap/_Generated_/GameStartUpMap_MainGrid_L0_X2_Y2.umap" 957
"D:/Edge/Edge_TheGame/Content/Maps/GameStartUpMap/_Generated_/GameStartUpMap_MainGrid_L0_X0_Y-1.uexp" 958
"D:/Edge/Edge_TheGame/Content/Maps/GameStartUpMap/_Generated_/GameStartUpMap_MainGrid_L0_X0_Y-1.ubulk" 959
"D:/Edge/Edge_TheGame/Content/Maps/GameStartUpMap/_Generated_/GameStartUpMap_MainGrid_L0_X0_Y-1.umap" 960
"D:/Edge/Edge_TheGame/Content/Maps/GameStartUpMap/_Generated_/GameStartUpMap_MainGrid_L0_X-4_Y-3.uexp" 961
"D:/Edge/Edge_TheGame/Content/Maps/GameStartUpMap/_Generated_/GameStartUpMap_MainGrid_L0_X-4_Y-3.ubulk" 962
"D:/Edge/Edge_TheGame/Content/Maps/GameStartUpMap/_Generated_/GameStartUpMap_MainGrid_L0_X-4_Y-3.umap" 963
"D:/Edge/Edge_TheGame/Content/Maps/GameStartUpMap/_Generated_/GameStartUpMap_MainGrid_L0_X-3_Y-3.uexp" 964
"D:/Edge/Edge_TheGame/Content/Maps/GameStartUpMap/_Generated_/GameStartUpMap_MainGrid_L0_X-3_Y-3.ubulk" 965
"D:/Edge/Edge_TheGame/Content/Maps/GameStartUpMap/_Generated_/GameStartUpMap_MainGrid_L0_X-3_Y-3.umap" 966
"D:/Edge/Edge_TheGame/Content/Maps/GameStartUpMap/_Generated_/GameStartUpMap_MainGrid_L0_X-1_Y-2.uexp" 967
"D:/Edge/Edge_TheGame/Content/Maps/GameStartUpMap/_Generated_/GameStartUpMap_MainGrid_L0_X-1_Y-2.ubulk" 968
"D:/Edge/Edge_TheGame/Content/Maps/GameStartUpMap/_Generated_/GameStartUpMap_MainGrid_L0_X-1_Y-2.umap" 969
"D:/Edge/Edge_TheGame/Content/Maps/GameStartUpMap/_Generated_/GameStartUpMap_MainGrid_L0_X-2_Y-1.uexp" 970
"D:/Edge/Edge_TheGame/Content/Maps/GameStartUpMap/_Generated_/GameStartUpMap_MainGrid_L0_X-2_Y-1.ubulk" 971
"D:/Edge/Edge_TheGame/Content/Maps/GameStartUpMap/_Generated_/GameStartUpMap_MainGrid_L0_X-2_Y-1.umap" 972
"D:/Edge/Edge_TheGame/Content/Maps/GameStartUpMap/_Generated_/GameStartUpMap_MainGrid_L0_X0_Y3.uexp" 973
"D:/Edge/Edge_TheGame/Content/Maps/GameStartUpMap/_Generated_/GameStartUpMap_MainGrid_L0_X0_Y3.ubulk" 974
"D:/Edge/Edge_TheGame/Content/Maps/GameStartUpMap/_Generated_/GameStartUpMap_MainGrid_L0_X0_Y3.umap" 975
"D:/Edge/Edge_TheGame/Content/Maps/GameStartUpMap/_Generated_/GameStartUpMap_MainGrid_L0_X0_Y-2.uexp" 976
"D:/Edge/Edge_TheGame/Content/Maps/GameStartUpMap/_Generated_/GameStartUpMap_MainGrid_L0_X0_Y-2.ubulk" 977
"D:/Edge/Edge_TheGame/Content/Maps/GameStartUpMap/_Generated_/GameStartUpMap_MainGrid_L0_X0_Y-2.umap" 978
"D:/Edge/Edge_TheGame/Content/Maps/GameStartUpMap/_Generated_/GameStartUpMap_MainGrid_L0_X-1_Y0.uexp" 979
"D:/Edge/Edge_TheGame/Content/Maps/GameStartUpMap/_Generated_/GameStartUpMap_MainGrid_L0_X-1_Y0.ubulk" 980
"D:/Edge/Edge_TheGame/Content/Maps/GameStartUpMap/_Generated_/GameStartUpMap_MainGrid_L0_X-1_Y0.umap" 981
"D:/Edge/Edge_TheGame/Content/Maps/GameStartUpMap/_Generated_/GameStartUpMap_MainGrid_L0_X-2_Y-4.uexp" 982
"D:/Edge/Edge_TheGame/Content/Maps/GameStartUpMap/_Generated_/GameStartUpMap_MainGrid_L0_X-2_Y-4.ubulk" 983
"D:/Edge/Edge_TheGame/Content/Maps/GameStartUpMap/_Generated_/GameStartUpMap_MainGrid_L0_X-2_Y-4.umap" 984
"D:/Edge/Edge_TheGame/Content/Maps/GameStartUpMap/_Generated_/GameStartUpMap_MainGrid_L0_X1_Y-1.uexp" 985
"D:/Edge/Edge_TheGame/Content/Maps/GameStartUpMap/_Generated_/GameStartUpMap_MainGrid_L0_X1_Y-1.ubulk" 986
"D:/Edge/Edge_TheGame/Content/Maps/GameStartUpMap/_Generated_/GameStartUpMap_MainGrid_L0_X1_Y-1.umap" 987
"D:/Edge/Edge_TheGame/Content/Maps/GameStartUpMap/_Generated_/GameStartUpMap_MainGrid_L0_X-2_Y-2.uexp" 988
"D:/Edge/Edge_TheGame/Content/Maps/GameStartUpMap/_Generated_/GameStartUpMap_MainGrid_L0_X-2_Y-2.ubulk" 989
"D:/Edge/Edge_TheGame/Content/Maps/GameStartUpMap/_Generated_/GameStartUpMap_MainGrid_L0_X-2_Y-2.umap" 990
"D:/Edge/Edge_TheGame/Content/Maps/GameStartUpMap/_Generated_/GameStartUpMap_MainGrid_L0_X-2_Y2.uexp" 991
"D:/Edge/Edge_TheGame/Content/Maps/GameStartUpMap/_Generated_/GameStartUpMap_MainGrid_L0_X-2_Y2.ubulk" 992
"D:/Edge/Edge_TheGame/Content/Maps/GameStartUpMap/_Generated_/GameStartUpMap_MainGrid_L0_X-2_Y2.umap" 993
"D:/Edge/Edge_TheGame/Content/Maps/GameStartUpMap/_Generated_/GameStartUpMap_MainGrid_L0_X-3_Y0.uexp" 994
"D:/Edge/Edge_TheGame/Content/Maps/GameStartUpMap/_Generated_/GameStartUpMap_MainGrid_L0_X-3_Y0.ubulk" 995
"D:/Edge/Edge_TheGame/Content/Maps/GameStartUpMap/_Generated_/GameStartUpMap_MainGrid_L0_X-3_Y0.umap" 996
"D:/Edge/Edge_TheGame/Content/Maps/GameStartUpMap/_Generated_/GameStartUpMap_MainGrid_L0_X-4_Y2.uexp" 997
"D:/Edge/Edge_TheGame/Content/Maps/GameStartUpMap/_Generated_/GameStartUpMap_MainGrid_L0_X-4_Y2.ubulk" 998
"D:/Edge/Edge_TheGame/Content/Maps/GameStartUpMap/_Generated_/GameStartUpMap_MainGrid_L0_X-4_Y2.umap" 999
"D:/Edge/Edge_TheGame/Content/Maps/GameStartUpMap/_Generated_/GameStartUpMap_MainGrid_L0_X3_Y0.uexp" 1000
"D:/Edge/Edge_TheGame/Content/Maps/GameStartUpMap/_Generated_/GameStartUpMap_MainGrid_L0_X3_Y0.ubulk" 1001
"D:/Edge/Edge_TheGame/Content/Maps/GameStartUpMap/_Generated_/GameStartUpMap_MainGrid_L0_X3_Y0.umap" 1002
